(node:19176) [SEQUELIZE0004] DeprecationWarning: A boolean value was passed to options.operatorsAliases. This is a no-op with v5 and should be removed.
(Use `node --trace-deprecation ...` to show where the warning was created)
Deprecation warning: value provided is not in a recognized RFC2822 or ISO format. moment construction falls back to js Date(), which is not reliable across all browsers and versions. Non RFC2822/ISO date formats are discouraged. Please refer to http://momentjs.com/guides/#/warnings/js-date/ for more info.
Arguments: 
[0] _isAMomentObject: true, _isUTC: false, _useUTC: false, _l: undefined, _i: Mon Jul 31 2023 17:11:35 GMT+0530 (India Standard Time), _f: undefined, _strict: undefined, _locale: [object Object]
Error
    at Function.createFromInputFallback (C:\Users\Vendor\Documents\demoVersion 3\Hitachi_Vendor_Portal_BE\node_modules\moment\moment.js:324:25)
    at configFromString (C:\Users\Vendor\Documents\demoVersion 3\Hitachi_Vendor_Portal_BE\node_modules\moment\moment.js:2550:19)
    at configFromInput (C:\Users\Vendor\Documents\demoVersion 3\Hitachi_Vendor_Portal_BE\node_modules\moment\moment.js:2993:13)
    at prepareConfig (C:\Users\Vendor\Documents\demoVersion 3\Hitachi_Vendor_Portal_BE\node_modules\moment\moment.js:2976:13)
    at createFromConfig (C:\Users\Vendor\Documents\demoVersion 3\Hitachi_Vendor_Portal_BE\node_modules\moment\moment.js:2943:44)
    at createLocalOrUTC (C:\Users\Vendor\Documents\demoVersion 3\Hitachi_Vendor_Portal_BE\node_modules\moment\moment.js:3037:16)
    at createLocal (C:\Users\Vendor\Documents\demoVersion 3\Hitachi_Vendor_Portal_BE\node_modules\moment\moment.js:3041:16)
    at hooks (C:\Users\Vendor\Documents\demoVersion 3\Hitachi_Vendor_Portal_BE\node_modules\moment\moment.js:16:29)
    at model._sanitize (C:\Users\Vendor\Documents\demoVersion 3\Hitachi_Vendor_Portal_BE\node_modules\sequelize\lib\data-types.js:356:14)
    at model.set (C:\Users\Vendor\Documents\demoVersion 3\Hitachi_Vendor_Portal_BE\node_modules\sequelize\lib\model.js:2286:59)
    at model.set (C:\Users\Vendor\Documents\demoVersion 3\Hitachi_Vendor_Portal_BE\node_modules\sequelize\lib\model.js:2241:18)
    at model._initValues (C:\Users\Vendor\Documents\demoVersion 3\Hitachi_Vendor_Portal_BE\node_modules\sequelize\lib\model.js:156:10)
    at new Model (C:\Users\Vendor\Documents\demoVersion 3\Hitachi_Vendor_Portal_BE\node_modules\sequelize\lib\model.js:116:10)
    at new approval (C:\Users\Vendor\Documents\demoVersion 3\Hitachi_Vendor_Portal_BE\node_modules\sequelize\lib\sequelize.js:223:19)
    at approval.build (C:\Users\Vendor\Documents\demoVersion 3\Hitachi_Vendor_Portal_BE\node_modules\sequelize\lib\model.js:1344:12)
    at approval.update (C:\Users\Vendor\Documents\demoVersion 3\Hitachi_Vendor_Portal_BE\node_modules\sequelize\lib\model.js:1926:26)
    at NewData (C:\Users\Vendor\Documents\demoVersion 3\Hitachi_Vendor_Portal_BE\controller\approval.controller.js:654:28)
    at process.processTicksAndRejections (node:internal/process/task_queues:95:5)
(node:19064) [SEQUELIZE0004] DeprecationWarning: A boolean value was passed to options.operatorsAliases. This is a no-op with v5 and should be removed.
(Use `node --trace-deprecation ...` to show where the warning was created)
(node:10392) [SEQUELIZE0004] DeprecationWarning: A boolean value was passed to options.operatorsAliases. This is a no-op with v5 and should be removed.
(Use `node --trace-deprecation ...` to show where the warning was created)
(node:8020) [SEQUELIZE0004] DeprecationWarning: A boolean value was passed to options.operatorsAliases. This is a no-op with v5 and should be removed.
(Use `node --trace-deprecation ...` to show where the warning was created)
You have triggered an unhandledRejection, you may have forgotten to catch a Promise rejection:
TypeError: Cannot read properties of null (reading 'emailId')
    at C:\Users\Vendor\Documents\demoVersion 3\Hitachi_Vendor_Portal_BE\controller\approval.controller.js:465:37
    at process.processTicksAndRejections (node:internal/process/task_queues:95:5)
(node:16916) [SEQUELIZE0004] DeprecationWarning: A boolean value was passed to options.operatorsAliases. This is a no-op with v5 and should be removed.
(Use `node --trace-deprecation ...` to show where the warning was created)
(node:9184) [SEQUELIZE0004] DeprecationWarning: A boolean value was passed to options.operatorsAliases. This is a no-op with v5 and should be removed.
(Use `node --trace-deprecation ...` to show where the warning was created)
Deprecation warning: value provided is not in a recognized RFC2822 or ISO format. moment construction falls back to js Date(), which is not reliable across all browsers and versions. Non RFC2822/ISO date formats are discouraged. Please refer to http://momentjs.com/guides/#/warnings/js-date/ for more info.
Arguments: 
[0] _isAMomentObject: true, _isUTC: false, _useUTC: false, _l: undefined, _i: Wed Aug 02 2023 11:34:07 GMT+0530 (India Standard Time), _f: undefined, _strict: undefined, _locale: [object Object]
Error
    at Function.createFromInputFallback (C:\Users\Vendor\Documents\demoVersion 3\Hitachi_Vendor_Portal_BE\node_modules\moment\moment.js:324:25)
    at configFromString (C:\Users\Vendor\Documents\demoVersion 3\Hitachi_Vendor_Portal_BE\node_modules\moment\moment.js:2550:19)
    at configFromInput (C:\Users\Vendor\Documents\demoVersion 3\Hitachi_Vendor_Portal_BE\node_modules\moment\moment.js:2993:13)
    at prepareConfig (C:\Users\Vendor\Documents\demoVersion 3\Hitachi_Vendor_Portal_BE\node_modules\moment\moment.js:2976:13)
    at createFromConfig (C:\Users\Vendor\Documents\demoVersion 3\Hitachi_Vendor_Portal_BE\node_modules\moment\moment.js:2943:44)
    at createLocalOrUTC (C:\Users\Vendor\Documents\demoVersion 3\Hitachi_Vendor_Portal_BE\node_modules\moment\moment.js:3037:16)
    at createLocal (C:\Users\Vendor\Documents\demoVersion 3\Hitachi_Vendor_Portal_BE\node_modules\moment\moment.js:3041:16)
    at hooks (C:\Users\Vendor\Documents\demoVersion 3\Hitachi_Vendor_Portal_BE\node_modules\moment\moment.js:16:29)
    at model._sanitize (C:\Users\Vendor\Documents\demoVersion 3\Hitachi_Vendor_Portal_BE\node_modules\sequelize\lib\data-types.js:356:14)
    at model.set (C:\Users\Vendor\Documents\demoVersion 3\Hitachi_Vendor_Portal_BE\node_modules\sequelize\lib\model.js:2286:59)
    at model.set (C:\Users\Vendor\Documents\demoVersion 3\Hitachi_Vendor_Portal_BE\node_modules\sequelize\lib\model.js:2241:18)
    at model._initValues (C:\Users\Vendor\Documents\demoVersion 3\Hitachi_Vendor_Portal_BE\node_modules\sequelize\lib\model.js:156:10)
    at new Model (C:\Users\Vendor\Documents\demoVersion 3\Hitachi_Vendor_Portal_BE\node_modules\sequelize\lib\model.js:116:10)
    at new approval (C:\Users\Vendor\Documents\demoVersion 3\Hitachi_Vendor_Portal_BE\node_modules\sequelize\lib\sequelize.js:223:19)
    at approval.build (C:\Users\Vendor\Documents\demoVersion 3\Hitachi_Vendor_Portal_BE\node_modules\sequelize\lib\model.js:1344:12)
    at approval.update (C:\Users\Vendor\Documents\demoVersion 3\Hitachi_Vendor_Portal_BE\node_modules\sequelize\lib\model.js:1926:26)
    at NewData (C:\Users\Vendor\Documents\demoVersion 3\Hitachi_Vendor_Portal_BE\controller\approval.controller.js:654:28)
    at process.processTicksAndRejections (node:internal/process/task_queues:95:5)
(node:2368) [SEQUELIZE0004] DeprecationWarning: A boolean value was passed to options.operatorsAliases. This is a no-op with v5 and should be removed.
(Use `node --trace-deprecation ...` to show where the warning was created)
(node:11568) [SEQUELIZE0004] DeprecationWarning: A boolean value was passed to options.operatorsAliases. This is a no-op with v5 and should be removed.
(Use `node --trace-deprecation ...` to show where the warning was created)
Deprecation warning: value provided is not in a recognized RFC2822 or ISO format. moment construction falls back to js Date(), which is not reliable across all browsers and versions. Non RFC2822/ISO date formats are discouraged. Please refer to http://momentjs.com/guides/#/warnings/js-date/ for more info.
Arguments: 
[0] _isAMomentObject: true, _isUTC: false, _useUTC: false, _l: undefined, _i: Thu Aug 03 2023 13:22:55 GMT+0530 (India Standard Time), _f: undefined, _strict: undefined, _locale: [object Object]
Error
    at Function.createFromInputFallback (C:\Users\Vendor\Documents\demoVersion 3\Hitachi_Vendor_Portal_BE\node_modules\moment\moment.js:324:25)
    at configFromString (C:\Users\Vendor\Documents\demoVersion 3\Hitachi_Vendor_Portal_BE\node_modules\moment\moment.js:2550:19)
    at configFromInput (C:\Users\Vendor\Documents\demoVersion 3\Hitachi_Vendor_Portal_BE\node_modules\moment\moment.js:2993:13)
    at prepareConfig (C:\Users\Vendor\Documents\demoVersion 3\Hitachi_Vendor_Portal_BE\node_modules\moment\moment.js:2976:13)
    at createFromConfig (C:\Users\Vendor\Documents\demoVersion 3\Hitachi_Vendor_Portal_BE\node_modules\moment\moment.js:2943:44)
    at createLocalOrUTC (C:\Users\Vendor\Documents\demoVersion 3\Hitachi_Vendor_Portal_BE\node_modules\moment\moment.js:3037:16)
    at createLocal (C:\Users\Vendor\Documents\demoVersion 3\Hitachi_Vendor_Portal_BE\node_modules\moment\moment.js:3041:16)
    at hooks (C:\Users\Vendor\Documents\demoVersion 3\Hitachi_Vendor_Portal_BE\node_modules\moment\moment.js:16:29)
    at model._sanitize (C:\Users\Vendor\Documents\demoVersion 3\Hitachi_Vendor_Portal_BE\node_modules\sequelize\lib\data-types.js:356:14)
    at model.set (C:\Users\Vendor\Documents\demoVersion 3\Hitachi_Vendor_Portal_BE\node_modules\sequelize\lib\model.js:2286:59)
    at model.set (C:\Users\Vendor\Documents\demoVersion 3\Hitachi_Vendor_Portal_BE\node_modules\sequelize\lib\model.js:2241:18)
    at model._initValues (C:\Users\Vendor\Documents\demoVersion 3\Hitachi_Vendor_Portal_BE\node_modules\sequelize\lib\model.js:156:10)
    at new Model (C:\Users\Vendor\Documents\demoVersion 3\Hitachi_Vendor_Portal_BE\node_modules\sequelize\lib\model.js:116:10)
    at new approval (C:\Users\Vendor\Documents\demoVersion 3\Hitachi_Vendor_Portal_BE\node_modules\sequelize\lib\sequelize.js:223:19)
    at approval.build (C:\Users\Vendor\Documents\demoVersion 3\Hitachi_Vendor_Portal_BE\node_modules\sequelize\lib\model.js:1344:12)
    at approval.update (C:\Users\Vendor\Documents\demoVersion 3\Hitachi_Vendor_Portal_BE\node_modules\sequelize\lib\model.js:1926:26)
    at NewData (C:\Users\Vendor\Documents\demoVersion 3\Hitachi_Vendor_Portal_BE\controller\approval.controller.js:654:28)
    at process.processTicksAndRejections (node:internal/process/task_queues:95:5)
(node:15320) [SEQUELIZE0004] DeprecationWarning: A boolean value was passed to options.operatorsAliases. This is a no-op with v5 and should be removed.
(Use `node --trace-deprecation ...` to show where the warning was created)
(node:15596) [SEQUELIZE0004] DeprecationWarning: A boolean value was passed to options.operatorsAliases. This is a no-op with v5 and should be removed.
(Use `node --trace-deprecation ...` to show where the warning was created)
SyntaxError: Unexpected end of JSON input
    at JSON.parse (<anonymous>)
    at C:\Users\Vendor\Documents\demoVersion 3\Hitachi_Vendor_Portal_BE\controller\Erp.controller.js:204:27
    at finalCallback (C:\Users\Vendor\Documents\demoVersion 3\Hitachi_Vendor_Portal_BE\node_modules\httpreq\lib\httpreq.js:103:7)
    at IncomingMessage.<anonymous> (C:\Users\Vendor\Documents\demoVersion 3\Hitachi_Vendor_Portal_BE\node_modules\httpreq\lib\httpreq.js:381:9)
    at IncomingMessage.emit (node:events:524:35)
    at endReadableNT (node:internal/streams/readable:1359:12)
    at process.processTicksAndRejections (node:internal/process/task_queues:82:21)
(node:15164) [SEQUELIZE0004] DeprecationWarning: A boolean value was passed to options.operatorsAliases. This is a no-op with v5 and should be removed.
(Use `node --trace-deprecation ...` to show where the warning was created)
SyntaxError: Unexpected end of JSON input
    at JSON.parse (<anonymous>)
    at C:\Users\Vendor\Documents\demoVersion 3\Hitachi_Vendor_Portal_BE\controller\Erp.controller.js:204:27
    at finalCallback (C:\Users\Vendor\Documents\demoVersion 3\Hitachi_Vendor_Portal_BE\node_modules\httpreq\lib\httpreq.js:103:7)
    at IncomingMessage.<anonymous> (C:\Users\Vendor\Documents\demoVersion 3\Hitachi_Vendor_Portal_BE\node_modules\httpreq\lib\httpreq.js:381:9)
    at IncomingMessage.emit (node:events:524:35)
    at endReadableNT (node:internal/streams/readable:1359:12)
    at process.processTicksAndRejections (node:internal/process/task_queues:82:21)
(node:21828) [SEQUELIZE0004] DeprecationWarning: A boolean value was passed to options.operatorsAliases. This is a no-op with v5 and should be removed.
(Use `node --trace-deprecation ...` to show where the warning was created)
SyntaxError: Unexpected end of JSON input
    at JSON.parse (<anonymous>)
    at C:\Users\Vendor\Documents\demoVersion 3\Hitachi_Vendor_Portal_BE\controller\Erp.controller.js:204:27
    at finalCallback (C:\Users\Vendor\Documents\demoVersion 3\Hitachi_Vendor_Portal_BE\node_modules\httpreq\lib\httpreq.js:103:7)
    at IncomingMessage.<anonymous> (C:\Users\Vendor\Documents\demoVersion 3\Hitachi_Vendor_Portal_BE\node_modules\httpreq\lib\httpreq.js:381:9)
    at IncomingMessage.emit (node:events:524:35)
    at endReadableNT (node:internal/streams/readable:1359:12)
    at process.processTicksAndRejections (node:internal/process/task_queues:82:21)
(node:15788) [SEQUELIZE0004] DeprecationWarning: A boolean value was passed to options.operatorsAliases. This is a no-op with v5 and should be removed.
(Use `node --trace-deprecation ...` to show where the warning was created)
SyntaxError: Unexpected end of JSON input
    at JSON.parse (<anonymous>)
    at C:\Users\Vendor\Documents\demoVersion 3\Hitachi_Vendor_Portal_BE\controller\Erp.controller.js:204:27
    at finalCallback (C:\Users\Vendor\Documents\demoVersion 3\Hitachi_Vendor_Portal_BE\node_modules\httpreq\lib\httpreq.js:103:7)
    at IncomingMessage.<anonymous> (C:\Users\Vendor\Documents\demoVersion 3\Hitachi_Vendor_Portal_BE\node_modules\httpreq\lib\httpreq.js:381:9)
    at IncomingMessage.emit (node:events:524:35)
    at endReadableNT (node:internal/streams/readable:1359:12)
    at process.processTicksAndRejections (node:internal/process/task_queues:82:21)
(node:13820) [SEQUELIZE0004] DeprecationWarning: A boolean value was passed to options.operatorsAliases. This is a no-op with v5 and should be removed.
(Use `node --trace-deprecation ...` to show where the warning was created)
SyntaxError: Unexpected end of JSON input
    at JSON.parse (<anonymous>)
    at C:\Users\Vendor\Documents\demoVersion 3\Hitachi_Vendor_Portal_BE\controller\Erp.controller.js:204:27
    at finalCallback (C:\Users\Vendor\Documents\demoVersion 3\Hitachi_Vendor_Portal_BE\node_modules\httpreq\lib\httpreq.js:103:7)
    at IncomingMessage.<anonymous> (C:\Users\Vendor\Documents\demoVersion 3\Hitachi_Vendor_Portal_BE\node_modules\httpreq\lib\httpreq.js:381:9)
    at IncomingMessage.emit (node:events:524:35)
    at endReadableNT (node:internal/streams/readable:1359:12)
    at process.processTicksAndRejections (node:internal/process/task_queues:82:21)
(node:9208) [SEQUELIZE0004] DeprecationWarning: A boolean value was passed to options.operatorsAliases. This is a no-op with v5 and should be removed.
(Use `node --trace-deprecation ...` to show where the warning was created)
SyntaxError: Unexpected end of JSON input
    at JSON.parse (<anonymous>)
    at C:\Users\Vendor\Documents\demoVersion 3\Hitachi_Vendor_Portal_BE\controller\Erp.controller.js:204:27
    at finalCallback (C:\Users\Vendor\Documents\demoVersion 3\Hitachi_Vendor_Portal_BE\node_modules\httpreq\lib\httpreq.js:103:7)
    at IncomingMessage.<anonymous> (C:\Users\Vendor\Documents\demoVersion 3\Hitachi_Vendor_Portal_BE\node_modules\httpreq\lib\httpreq.js:381:9)
    at IncomingMessage.emit (node:events:524:35)
    at endReadableNT (node:internal/streams/readable:1359:12)
    at process.processTicksAndRejections (node:internal/process/task_queues:82:21)
(node:13800) [SEQUELIZE0004] DeprecationWarning: A boolean value was passed to options.operatorsAliases. This is a no-op with v5 and should be removed.
(Use `node --trace-deprecation ...` to show where the warning was created)
SyntaxError: Unexpected end of JSON input
    at JSON.parse (<anonymous>)
    at C:\Users\Vendor\Documents\demoVersion 3\Hitachi_Vendor_Portal_BE\controller\Erp.controller.js:596:25
    at finalCallback (C:\Users\Vendor\Documents\demoVersion 3\Hitachi_Vendor_Portal_BE\node_modules\httpreq\lib\httpreq.js:103:7)
    at IncomingMessage.<anonymous> (C:\Users\Vendor\Documents\demoVersion 3\Hitachi_Vendor_Portal_BE\node_modules\httpreq\lib\httpreq.js:381:9)
    at IncomingMessage.emit (node:events:524:35)
    at endReadableNT (node:internal/streams/readable:1359:12)
    at process.processTicksAndRejections (node:internal/process/task_queues:82:21)
(node:7772) [SEQUELIZE0004] DeprecationWarning: A boolean value was passed to options.operatorsAliases. This is a no-op with v5 and should be removed.
(Use `node --trace-deprecation ...` to show where the warning was created)
SyntaxError: Unexpected end of JSON input
    at JSON.parse (<anonymous>)
    at C:\Users\Vendor\Documents\demoVersion 3\Hitachi_Vendor_Portal_BE\controller\Erp.controller.js:596:25
    at finalCallback (C:\Users\Vendor\Documents\demoVersion 3\Hitachi_Vendor_Portal_BE\node_modules\httpreq\lib\httpreq.js:103:7)
    at IncomingMessage.<anonymous> (C:\Users\Vendor\Documents\demoVersion 3\Hitachi_Vendor_Portal_BE\node_modules\httpreq\lib\httpreq.js:381:9)
    at IncomingMessage.emit (node:events:524:35)
    at endReadableNT (node:internal/streams/readable:1359:12)
    at process.processTicksAndRejections (node:internal/process/task_queues:82:21)
(node:4176) [SEQUELIZE0004] DeprecationWarning: A boolean value was passed to options.operatorsAliases. This is a no-op with v5 and should be removed.
(Use `node --trace-deprecation ...` to show where the warning was created)
SyntaxError: Unexpected end of JSON input
    at JSON.parse (<anonymous>)
    at C:\Users\Vendor\Documents\demoVersion 3\Hitachi_Vendor_Portal_BE\controller\Erp.controller.js:596:25
    at finalCallback (C:\Users\Vendor\Documents\demoVersion 3\Hitachi_Vendor_Portal_BE\node_modules\httpreq\lib\httpreq.js:103:7)
    at IncomingMessage.<anonymous> (C:\Users\Vendor\Documents\demoVersion 3\Hitachi_Vendor_Portal_BE\node_modules\httpreq\lib\httpreq.js:381:9)
    at IncomingMessage.emit (node:events:524:35)
    at endReadableNT (node:internal/streams/readable:1359:12)
    at process.processTicksAndRejections (node:internal/process/task_queues:82:21)
(node:3992) [SEQUELIZE0004] DeprecationWarning: A boolean value was passed to options.operatorsAliases. This is a no-op with v5 and should be removed.
(Use `node --trace-deprecation ...` to show where the warning was created)
SyntaxError: Unexpected end of JSON input
    at JSON.parse (<anonymous>)
    at C:\Users\Vendor\Documents\demoVersion 3\Hitachi_Vendor_Portal_BE\controller\Erp.controller.js:596:25
    at finalCallback (C:\Users\Vendor\Documents\demoVersion 3\Hitachi_Vendor_Portal_BE\node_modules\httpreq\lib\httpreq.js:103:7)
    at IncomingMessage.<anonymous> (C:\Users\Vendor\Documents\demoVersion 3\Hitachi_Vendor_Portal_BE\node_modules\httpreq\lib\httpreq.js:381:9)
    at IncomingMessage.emit (node:events:524:35)
    at endReadableNT (node:internal/streams/readable:1359:12)
    at process.processTicksAndRejections (node:internal/process/task_queues:82:21)
(node:12084) [SEQUELIZE0004] DeprecationWarning: A boolean value was passed to options.operatorsAliases. This is a no-op with v5 and should be removed.
(Use `node --trace-deprecation ...` to show where the warning was created)
SyntaxError: Unexpected end of JSON input
    at JSON.parse (<anonymous>)
    at C:\Users\Vendor\Documents\demoVersion 3\Hitachi_Vendor_Portal_BE\controller\Erp.controller.js:596:25
    at finalCallback (C:\Users\Vendor\Documents\demoVersion 3\Hitachi_Vendor_Portal_BE\node_modules\httpreq\lib\httpreq.js:103:7)
    at IncomingMessage.<anonymous> (C:\Users\Vendor\Documents\demoVersion 3\Hitachi_Vendor_Portal_BE\node_modules\httpreq\lib\httpreq.js:381:9)
    at IncomingMessage.emit (node:events:524:35)
    at endReadableNT (node:internal/streams/readable:1359:12)
    at process.processTicksAndRejections (node:internal/process/task_queues:82:21)
(node:15728) [SEQUELIZE0004] DeprecationWarning: A boolean value was passed to options.operatorsAliases. This is a no-op with v5 and should be removed.
(Use `node --trace-deprecation ...` to show where the warning was created)
SyntaxError: Unexpected end of JSON input
    at JSON.parse (<anonymous>)
    at C:\Users\Vendor\Documents\demoVersion 3\Hitachi_Vendor_Portal_BE\controller\Erp.controller.js:204:27
    at finalCallback (C:\Users\Vendor\Documents\demoVersion 3\Hitachi_Vendor_Portal_BE\node_modules\httpreq\lib\httpreq.js:103:7)
    at IncomingMessage.<anonymous> (C:\Users\Vendor\Documents\demoVersion 3\Hitachi_Vendor_Portal_BE\node_modules\httpreq\lib\httpreq.js:381:9)
    at IncomingMessage.emit (node:events:524:35)
    at endReadableNT (node:internal/streams/readable:1359:12)
    at process.processTicksAndRejections (node:internal/process/task_queues:82:21)
(node:19400) [SEQUELIZE0004] DeprecationWarning: A boolean value was passed to options.operatorsAliases. This is a no-op with v5 and should be removed.
(Use `node --trace-deprecation ...` to show where the warning was created)
SyntaxError: Unexpected end of JSON input
    at JSON.parse (<anonymous>)
    at C:\Users\Vendor\Documents\demoVersion 3\Hitachi_Vendor_Portal_BE\controller\Erp.controller.js:204:27
    at finalCallback (C:\Users\Vendor\Documents\demoVersion 3\Hitachi_Vendor_Portal_BE\node_modules\httpreq\lib\httpreq.js:103:7)
    at IncomingMessage.<anonymous> (C:\Users\Vendor\Documents\demoVersion 3\Hitachi_Vendor_Portal_BE\node_modules\httpreq\lib\httpreq.js:381:9)
    at IncomingMessage.emit (node:events:524:35)
    at endReadableNT (node:internal/streams/readable:1359:12)
    at process.processTicksAndRejections (node:internal/process/task_queues:82:21)
(node:2732) [SEQUELIZE0004] DeprecationWarning: A boolean value was passed to options.operatorsAliases. This is a no-op with v5 and should be removed.
(Use `node --trace-deprecation ...` to show where the warning was created)
SyntaxError: Unexpected end of JSON input
    at JSON.parse (<anonymous>)
    at C:\Users\Vendor\Documents\demoVersion 3\Hitachi_Vendor_Portal_BE\controller\Erp.controller.js:1154:25
    at finalCallback (C:\Users\Vendor\Documents\demoVersion 3\Hitachi_Vendor_Portal_BE\node_modules\httpreq\lib\httpreq.js:103:7)
    at IncomingMessage.<anonymous> (C:\Users\Vendor\Documents\demoVersion 3\Hitachi_Vendor_Portal_BE\node_modules\httpreq\lib\httpreq.js:381:9)
    at IncomingMessage.emit (node:events:524:35)
    at endReadableNT (node:internal/streams/readable:1359:12)
    at process.processTicksAndRejections (node:internal/process/task_queues:82:21)
(node:21656) [SEQUELIZE0004] DeprecationWarning: A boolean value was passed to options.operatorsAliases. This is a no-op with v5 and should be removed.
(Use `node --trace-deprecation ...` to show where the warning was created)
SyntaxError: Unexpected end of JSON input
    at JSON.parse (<anonymous>)
    at C:\Users\Vendor\Documents\demoVersion 3\Hitachi_Vendor_Portal_BE\controller\Erp.controller.js:596:25
    at finalCallback (C:\Users\Vendor\Documents\demoVersion 3\Hitachi_Vendor_Portal_BE\node_modules\httpreq\lib\httpreq.js:103:7)
    at IncomingMessage.<anonymous> (C:\Users\Vendor\Documents\demoVersion 3\Hitachi_Vendor_Portal_BE\node_modules\httpreq\lib\httpreq.js:381:9)
    at IncomingMessage.emit (node:events:524:35)
    at endReadableNT (node:internal/streams/readable:1359:12)
    at process.processTicksAndRejections (node:internal/process/task_queues:82:21)
(node:22016) [SEQUELIZE0004] DeprecationWarning: A boolean value was passed to options.operatorsAliases. This is a no-op with v5 and should be removed.
(Use `node --trace-deprecation ...` to show where the warning was created)
(node:14860) [SEQUELIZE0004] DeprecationWarning: A boolean value was passed to options.operatorsAliases. This is a no-op with v5 and should be removed.
(Use `node --trace-deprecation ...` to show where the warning was created)
(node:9436) [SEQUELIZE0004] DeprecationWarning: A boolean value was passed to options.operatorsAliases. This is a no-op with v5 and should be removed.
(Use `node --trace-deprecation ...` to show where the warning was created)
(node:8232) [SEQUELIZE0004] DeprecationWarning: A boolean value was passed to options.operatorsAliases. This is a no-op with v5 and should be removed.
(Use `node --trace-deprecation ...` to show where the warning was created)
(node:19056) [SEQUELIZE0004] DeprecationWarning: A boolean value was passed to options.operatorsAliases. This is a no-op with v5 and should be removed.
(Use `node --trace-deprecation ...` to show where the warning was created)
(node:22036) [SEQUELIZE0004] DeprecationWarning: A boolean value was passed to options.operatorsAliases. This is a no-op with v5 and should be removed.
(Use `node --trace-deprecation ...` to show where the warning was created)
(node:21136) [SEQUELIZE0004] DeprecationWarning: A boolean value was passed to options.operatorsAliases. This is a no-op with v5 and should be removed.
(Use `node --trace-deprecation ...` to show where the warning was created)
(node:18936) [SEQUELIZE0004] DeprecationWarning: A boolean value was passed to options.operatorsAliases. This is a no-op with v5 and should be removed.
(Use `node --trace-deprecation ...` to show where the warning was created)
(node:1680) [SEQUELIZE0004] DeprecationWarning: A boolean value was passed to options.operatorsAliases. This is a no-op with v5 and should be removed.
(Use `node --trace-deprecation ...` to show where the warning was created)
(node:12900) [SEQUELIZE0004] DeprecationWarning: A boolean value was passed to options.operatorsAliases. This is a no-op with v5 and should be removed.
(Use `node --trace-deprecation ...` to show where the warning was created)
(node:12472) [SEQUELIZE0004] DeprecationWarning: A boolean value was passed to options.operatorsAliases. This is a no-op with v5 and should be removed.
(Use `node --trace-deprecation ...` to show where the warning was created)
(node:10904) [SEQUELIZE0004] DeprecationWarning: A boolean value was passed to options.operatorsAliases. This is a no-op with v5 and should be removed.
(Use `node --trace-deprecation ...` to show where the warning was created)
(node:5800) [SEQUELIZE0004] DeprecationWarning: A boolean value was passed to options.operatorsAliases. This is a no-op with v5 and should be removed.
(Use `node --trace-deprecation ...` to show where the warning was created)
(node:2540) [SEQUELIZE0004] DeprecationWarning: A boolean value was passed to options.operatorsAliases. This is a no-op with v5 and should be removed.
(Use `node --trace-deprecation ...` to show where the warning was created)
(node:16152) [SEQUELIZE0004] DeprecationWarning: A boolean value was passed to options.operatorsAliases. This is a no-op with v5 and should be removed.
(Use `node --trace-deprecation ...` to show where the warning was created)
(node:13724) [SEQUELIZE0004] DeprecationWarning: A boolean value was passed to options.operatorsAliases. This is a no-op with v5 and should be removed.
(Use `node --trace-deprecation ...` to show where the warning was created)
(node:13424) [SEQUELIZE0004] DeprecationWarning: A boolean value was passed to options.operatorsAliases. This is a no-op with v5 and should be removed.
(Use `node --trace-deprecation ...` to show where the warning was created)
(node:7788) [SEQUELIZE0004] DeprecationWarning: A boolean value was passed to options.operatorsAliases. This is a no-op with v5 and should be removed.
(Use `node --trace-deprecation ...` to show where the warning was created)
(node:5516) [SEQUELIZE0004] DeprecationWarning: A boolean value was passed to options.operatorsAliases. This is a no-op with v5 and should be removed.
(Use `node --trace-deprecation ...` to show where the warning was created)
Error: socket hang up
    at connResetException (node:internal/errors:717:14)
    at Socket.socketOnEnd (node:_http_client:520:23)
    at Socket.emit (node:events:524:35)
    at endReadableNT (node:internal/streams/readable:1359:12)
    at process.processTicksAndRejections (node:internal/process/task_queues:82:21) {
  code: 'ECONNRESET',
  config: {
    url: 'http://api.geonames.org/postalCodeLookupJSON?postalcode=600090&country=IN&username=karthiga&style=full',
    method: 'get',
    headers: {
      Accept: 'application/json, text/plain, */*',
      'User-Agent': 'axios/0.21.4'
    },
    transformRequest: [ [Function: transformRequest] ],
    transformResponse: [ [Function: transformResponse] ],
    timeout: 0,
    adapter: [Function: httpAdapter],
    xsrfCookieName: 'XSRF-TOKEN',
    xsrfHeaderName: 'X-XSRF-TOKEN',
    maxContentLength: -1,
    maxBodyLength: -1,
    validateStatus: [Function: validateStatus],
    transitional: {
      silentJSONParsing: true,
      forcedJSONParsing: true,
      clarifyTimeoutError: false
    },
    data: undefined
  },
  request: <ref *1> Writable {
    _writableState: WritableState {
      objectMode: false,
      highWaterMark: 16384,
      finalCalled: false,
      needDrain: false,
      ending: false,
      ended: false,
      finished: false,
      destroyed: false,
      decodeStrings: true,
      defaultEncoding: 'utf8',
      length: 0,
      writing: false,
      corked: 0,
      sync: true,
      bufferProcessing: false,
      onwrite: [Function: bound onwrite],
      writecb: null,
      writelen: 0,
      afterWriteTickInfo: null,
      buffered: [],
      bufferedIndex: 0,
      allBuffers: true,
      allNoop: true,
      pendingcb: 0,
      constructed: true,
      prefinished: false,
      errorEmitted: false,
      emitClose: true,
      autoDestroy: true,
      errored: null,
      closed: false,
      closeEmitted: false,
      [Symbol(kOnFinished)]: []
    },
    _events: [Object: null prototype] {
      response: [Function: handleResponse],
      error: [Function: handleRequestError]
    },
    _eventsCount: 2,
    _maxListeners: undefined,
    _options: {
      maxRedirects: 21,
      maxBodyLength: 10485760,
      protocol: 'http:',
      path: '/postalCodeLookupJSON?postalcode=600090&country=IN&username=karthiga&style=full',
      method: 'GET',
      headers: [Object],
      agent: undefined,
      agents: [Object],
      auth: undefined,
      hostname: 'api.geonames.org',
      port: null,
      nativeProtocols: [Object],
      pathname: '/postalCodeLookupJSON',
      search: '?postalcode=600090&country=IN&username=karthiga&style=full'
    },
    _ended: true,
    _ending: true,
    _redirectCount: 0,
    _redirects: [],
    _requestBodyLength: 0,
    _requestBodyBuffers: [],
    _onNativeResponse: [Function (anonymous)],
    _currentRequest: ClientRequest {
      _events: [Object: null prototype],
      _eventsCount: 7,
      _maxListeners: undefined,
      outputData: [],
      outputSize: 0,
      writable: true,
      destroyed: false,
      _last: true,
      chunkedEncoding: false,
      shouldKeepAlive: true,
      maxRequestsOnConnectionReached: false,
      _defaultKeepAlive: true,
      useChunkedEncodingByDefault: false,
      sendDate: false,
      _removedConnection: false,
      _removedContLen: false,
      _removedTE: false,
      strictContentLength: false,
      _contentLength: 0,
      _hasBody: true,
      _trailer: '',
      finished: true,
      _headerSent: true,
      _closed: false,
      socket: [Socket],
      _header: 'GET /postalCodeLookupJSON?postalcode=600090&country=IN&username=karthiga&style=full HTTP/1.1\r\n' +
        'Accept: application/json, text/plain, */*\r\n' +
        'User-Agent: axios/0.21.4\r\n' +
        'Host: api.geonames.org\r\n' +
        'Connection: keep-alive\r\n' +
        '\r\n',
      _keepAliveTimeout: 0,
      _onPendingData: [Function: nop],
      agent: [Agent],
      socketPath: undefined,
      method: 'GET',
      maxHeaderSize: undefined,
      insecureHTTPParser: undefined,
      joinDuplicateHeaders: undefined,
      path: '/postalCodeLookupJSON?postalcode=600090&country=IN&username=karthiga&style=full',
      _ended: false,
      res: null,
      aborted: false,
      timeoutCb: [Function: emitRequestTimeout],
      upgradeOrConnect: false,
      parser: null,
      maxHeadersCount: null,
      reusedSocket: true,
      host: 'api.geonames.org',
      protocol: 'http:',
      _redirectable: [Circular *1],
      [Symbol(kCapture)]: false,
      [Symbol(kBytesWritten)]: 0,
      [Symbol(kEndCalled)]: true,
      [Symbol(kNeedDrain)]: false,
      [Symbol(corked)]: 0,
      [Symbol(kOutHeaders)]: [Object: null prototype],
      [Symbol(errored)]: null,
      [Symbol(kUniqueHeaders)]: null
    },
    _currentUrl: 'http://api.geonames.org/postalCodeLookupJSON?postalcode=600090&country=IN&username=karthiga&style=full',
    [Symbol(kCapture)]: false
  },
  response: undefined,
  isAxiosError: true,
  toJSON: [Function: toJSON]
}
(node:11084) [SEQUELIZE0004] DeprecationWarning: A boolean value was passed to options.operatorsAliases. This is a no-op with v5 and should be removed.
(Use `node --trace-deprecation ...` to show where the warning was created)
(node:10164) [SEQUELIZE0004] DeprecationWarning: A boolean value was passed to options.operatorsAliases. This is a no-op with v5 and should be removed.
(Use `node --trace-deprecation ...` to show where the warning was created)
(node:22108) [SEQUELIZE0004] DeprecationWarning: A boolean value was passed to options.operatorsAliases. This is a no-op with v5 and should be removed.
(Use `node --trace-deprecation ...` to show where the warning was created)
Deprecation warning: value provided is not in a recognized RFC2822 or ISO format. moment construction falls back to js Date(), which is not reliable across all browsers and versions. Non RFC2822/ISO date formats are discouraged. Please refer to http://momentjs.com/guides/#/warnings/js-date/ for more info.
Arguments: 
[0] _isAMomentObject: true, _isUTC: false, _useUTC: false, _l: undefined, _i: Fri Aug 25 2023 15:11:01 GMT+0530 (India Standard Time), _f: undefined, _strict: undefined, _locale: [object Object]
Error
    at Function.createFromInputFallback (C:\Users\Vendor\Documents\demoVersion 3\Hitachi_Vendor_Portal_BE\node_modules\moment\moment.js:324:25)
    at configFromString (C:\Users\Vendor\Documents\demoVersion 3\Hitachi_Vendor_Portal_BE\node_modules\moment\moment.js:2550:19)
    at configFromInput (C:\Users\Vendor\Documents\demoVersion 3\Hitachi_Vendor_Portal_BE\node_modules\moment\moment.js:2993:13)
    at prepareConfig (C:\Users\Vendor\Documents\demoVersion 3\Hitachi_Vendor_Portal_BE\node_modules\moment\moment.js:2976:13)
    at createFromConfig (C:\Users\Vendor\Documents\demoVersion 3\Hitachi_Vendor_Portal_BE\node_modules\moment\moment.js:2943:44)
    at createLocalOrUTC (C:\Users\Vendor\Documents\demoVersion 3\Hitachi_Vendor_Portal_BE\node_modules\moment\moment.js:3037:16)
    at createLocal (C:\Users\Vendor\Documents\demoVersion 3\Hitachi_Vendor_Portal_BE\node_modules\moment\moment.js:3041:16)
    at hooks (C:\Users\Vendor\Documents\demoVersion 3\Hitachi_Vendor_Portal_BE\node_modules\moment\moment.js:16:29)
    at model._sanitize (C:\Users\Vendor\Documents\demoVersion 3\Hitachi_Vendor_Portal_BE\node_modules\sequelize\lib\data-types.js:356:14)
    at model.set (C:\Users\Vendor\Documents\demoVersion 3\Hitachi_Vendor_Portal_BE\node_modules\sequelize\lib\model.js:2286:59)
    at model.set (C:\Users\Vendor\Documents\demoVersion 3\Hitachi_Vendor_Portal_BE\node_modules\sequelize\lib\model.js:2241:18)
    at model._initValues (C:\Users\Vendor\Documents\demoVersion 3\Hitachi_Vendor_Portal_BE\node_modules\sequelize\lib\model.js:156:10)
    at new Model (C:\Users\Vendor\Documents\demoVersion 3\Hitachi_Vendor_Portal_BE\node_modules\sequelize\lib\model.js:116:10)
    at new approval (C:\Users\Vendor\Documents\demoVersion 3\Hitachi_Vendor_Portal_BE\node_modules\sequelize\lib\sequelize.js:223:19)
    at approval.build (C:\Users\Vendor\Documents\demoVersion 3\Hitachi_Vendor_Portal_BE\node_modules\sequelize\lib\model.js:1344:12)
    at approval.update (C:\Users\Vendor\Documents\demoVersion 3\Hitachi_Vendor_Portal_BE\node_modules\sequelize\lib\model.js:1926:26)
    at NewData (C:\Users\Vendor\Documents\demoVersion 3\Hitachi_Vendor_Portal_BE\controller\approval.controller.js:658:28)
    at process.processTicksAndRejections (node:internal/process/task_queues:95:5)
(node:5564) [SEQUELIZE0004] DeprecationWarning: A boolean value was passed to options.operatorsAliases. This is a no-op with v5 and should be removed.
(Use `node --trace-deprecation ...` to show where the warning was created)
PincodeError:: Error: socket hang up
    at connResetException (node:internal/errors:717:14)
    at Socket.socketOnEnd (node:_http_client:520:23)
    at Socket.emit (node:events:524:35)
    at endReadableNT (node:internal/streams/readable:1359:12)
    at process.processTicksAndRejections (node:internal/process/task_queues:82:21) {
  code: 'ECONNRESET',
  config: {
    url: 'http://api.geonames.org/postalCodeLookupJSON?postalcode=600032&country=IN&username=karthiga&style=full',
    method: 'get',
    headers: {
      Accept: 'application/json, text/plain, */*',
      'User-Agent': 'axios/0.21.4'
    },
    transformRequest: [ [Function: transformRequest] ],
    transformResponse: [ [Function: transformResponse] ],
    timeout: 0,
    adapter: [Function: httpAdapter],
    xsrfCookieName: 'XSRF-TOKEN',
    xsrfHeaderName: 'X-XSRF-TOKEN',
    maxContentLength: -1,
    maxBodyLength: -1,
    validateStatus: [Function: validateStatus],
    transitional: {
      silentJSONParsing: true,
      forcedJSONParsing: true,
      clarifyTimeoutError: false
    },
    data: undefined
  },
  request: <ref *1> Writable {
    _writableState: WritableState {
      objectMode: false,
      highWaterMark: 16384,
      finalCalled: false,
      needDrain: false,
      ending: false,
      ended: false,
      finished: false,
      destroyed: false,
      decodeStrings: true,
      defaultEncoding: 'utf8',
      length: 0,
      writing: false,
      corked: 0,
      sync: true,
      bufferProcessing: false,
      onwrite: [Function: bound onwrite],
      writecb: null,
      writelen: 0,
      afterWriteTickInfo: null,
      buffered: [],
      bufferedIndex: 0,
      allBuffers: true,
      allNoop: true,
      pendingcb: 0,
      constructed: true,
      prefinished: false,
      errorEmitted: false,
      emitClose: true,
      autoDestroy: true,
      errored: null,
      closed: false,
      closeEmitted: false,
      [Symbol(kOnFinished)]: []
    },
    _events: [Object: null prototype] {
      response: [Function: handleResponse],
      error: [Function: handleRequestError]
    },
    _eventsCount: 2,
    _maxListeners: undefined,
    _options: {
      maxRedirects: 21,
      maxBodyLength: 10485760,
      protocol: 'http:',
      path: '/postalCodeLookupJSON?postalcode=600032&country=IN&username=karthiga&style=full',
      method: 'GET',
      headers: [Object],
      agent: undefined,
      agents: [Object],
      auth: undefined,
      hostname: 'api.geonames.org',
      port: null,
      nativeProtocols: [Object],
      pathname: '/postalCodeLookupJSON',
      search: '?postalcode=600032&country=IN&username=karthiga&style=full'
    },
    _ended: true,
    _ending: true,
    _redirectCount: 0,
    _redirects: [],
    _requestBodyLength: 0,
    _requestBodyBuffers: [],
    _onNativeResponse: [Function (anonymous)],
    _currentRequest: ClientRequest {
      _events: [Object: null prototype],
      _eventsCount: 7,
      _maxListeners: undefined,
      outputData: [],
      outputSize: 0,
      writable: true,
      destroyed: false,
      _last: true,
      chunkedEncoding: false,
      shouldKeepAlive: true,
      maxRequestsOnConnectionReached: false,
      _defaultKeepAlive: true,
      useChunkedEncodingByDefault: false,
      sendDate: false,
      _removedConnection: false,
      _removedContLen: false,
      _removedTE: false,
      strictContentLength: false,
      _contentLength: 0,
      _hasBody: true,
      _trailer: '',
      finished: true,
      _headerSent: true,
      _closed: false,
      socket: [Socket],
      _header: 'GET /postalCodeLookupJSON?postalcode=600032&country=IN&username=karthiga&style=full HTTP/1.1\r\n' +
        'Accept: application/json, text/plain, */*\r\n' +
        'User-Agent: axios/0.21.4\r\n' +
        'Host: api.geonames.org\r\n' +
        'Connection: keep-alive\r\n' +
        '\r\n',
      _keepAliveTimeout: 0,
      _onPendingData: [Function: nop],
      agent: [Agent],
      socketPath: undefined,
      method: 'GET',
      maxHeaderSize: undefined,
      insecureHTTPParser: undefined,
      joinDuplicateHeaders: undefined,
      path: '/postalCodeLookupJSON?postalcode=600032&country=IN&username=karthiga&style=full',
      _ended: false,
      res: null,
      aborted: false,
      timeoutCb: [Function: emitRequestTimeout],
      upgradeOrConnect: false,
      parser: null,
      maxHeadersCount: null,
      reusedSocket: true,
      host: 'api.geonames.org',
      protocol: 'http:',
      _redirectable: [Circular *1],
      [Symbol(kCapture)]: false,
      [Symbol(kBytesWritten)]: 0,
      [Symbol(kEndCalled)]: true,
      [Symbol(kNeedDrain)]: false,
      [Symbol(corked)]: 0,
      [Symbol(kOutHeaders)]: [Object: null prototype],
      [Symbol(errored)]: null,
      [Symbol(kUniqueHeaders)]: null
    },
    _currentUrl: 'http://api.geonames.org/postalCodeLookupJSON?postalcode=600032&country=IN&username=karthiga&style=full',
    [Symbol(kCapture)]: false
  },
  response: undefined,
  isAxiosError: true,
  toJSON: [Function: toJSON]
}
PincodeError:: Error: socket hang up
    at connResetException (node:internal/errors:717:14)
    at Socket.socketOnEnd (node:_http_client:520:23)
    at Socket.emit (node:events:524:35)
    at endReadableNT (node:internal/streams/readable:1359:12)
    at process.processTicksAndRejections (node:internal/process/task_queues:82:21) {
  code: 'ECONNRESET',
  config: {
    url: 'http://api.geonames.org/postalCodeLookupJSON?postalcode=46578&country=IN&username=karthiga&style=full',
    method: 'get',
    headers: {
      Accept: 'application/json, text/plain, */*',
      'User-Agent': 'axios/0.21.4'
    },
    transformRequest: [ [Function: transformRequest] ],
    transformResponse: [ [Function: transformResponse] ],
    timeout: 0,
    adapter: [Function: httpAdapter],
    xsrfCookieName: 'XSRF-TOKEN',
    xsrfHeaderName: 'X-XSRF-TOKEN',
    maxContentLength: -1,
    maxBodyLength: -1,
    validateStatus: [Function: validateStatus],
    transitional: {
      silentJSONParsing: true,
      forcedJSONParsing: true,
      clarifyTimeoutError: false
    },
    data: undefined
  },
  request: <ref *1> Writable {
    _writableState: WritableState {
      objectMode: false,
      highWaterMark: 16384,
      finalCalled: false,
      needDrain: false,
      ending: false,
      ended: false,
      finished: false,
      destroyed: false,
      decodeStrings: true,
      defaultEncoding: 'utf8',
      length: 0,
      writing: false,
      corked: 0,
      sync: true,
      bufferProcessing: false,
      onwrite: [Function: bound onwrite],
      writecb: null,
      writelen: 0,
      afterWriteTickInfo: null,
      buffered: [],
      bufferedIndex: 0,
      allBuffers: true,
      allNoop: true,
      pendingcb: 0,
      constructed: true,
      prefinished: false,
      errorEmitted: false,
      emitClose: true,
      autoDestroy: true,
      errored: null,
      closed: false,
      closeEmitted: false,
      [Symbol(kOnFinished)]: []
    },
    _events: [Object: null prototype] {
      response: [Function: handleResponse],
      error: [Function: handleRequestError]
    },
    _eventsCount: 2,
    _maxListeners: undefined,
    _options: {
      maxRedirects: 21,
      maxBodyLength: 10485760,
      protocol: 'http:',
      path: '/postalCodeLookupJSON?postalcode=46578&country=IN&username=karthiga&style=full',
      method: 'GET',
      headers: [Object],
      agent: undefined,
      agents: [Object],
      auth: undefined,
      hostname: 'api.geonames.org',
      port: null,
      nativeProtocols: [Object],
      pathname: '/postalCodeLookupJSON',
      search: '?postalcode=46578&country=IN&username=karthiga&style=full'
    },
    _ended: true,
    _ending: true,
    _redirectCount: 0,
    _redirects: [],
    _requestBodyLength: 0,
    _requestBodyBuffers: [],
    _onNativeResponse: [Function (anonymous)],
    _currentRequest: ClientRequest {
      _events: [Object: null prototype],
      _eventsCount: 7,
      _maxListeners: undefined,
      outputData: [],
      outputSize: 0,
      writable: true,
      destroyed: false,
      _last: true,
      chunkedEncoding: false,
      shouldKeepAlive: true,
      maxRequestsOnConnectionReached: false,
      _defaultKeepAlive: true,
      useChunkedEncodingByDefault: false,
      sendDate: false,
      _removedConnection: false,
      _removedContLen: false,
      _removedTE: false,
      strictContentLength: false,
      _contentLength: 0,
      _hasBody: true,
      _trailer: '',
      finished: true,
      _headerSent: true,
      _closed: false,
      socket: [Socket],
      _header: 'GET /postalCodeLookupJSON?postalcode=46578&country=IN&username=karthiga&style=full HTTP/1.1\r\n' +
        'Accept: application/json, text/plain, */*\r\n' +
        'User-Agent: axios/0.21.4\r\n' +
        'Host: api.geonames.org\r\n' +
        'Connection: keep-alive\r\n' +
        '\r\n',
      _keepAliveTimeout: 0,
      _onPendingData: [Function: nop],
      agent: [Agent],
      socketPath: undefined,
      method: 'GET',
      maxHeaderSize: undefined,
      insecureHTTPParser: undefined,
      joinDuplicateHeaders: undefined,
      path: '/postalCodeLookupJSON?postalcode=46578&country=IN&username=karthiga&style=full',
      _ended: false,
      res: null,
      aborted: false,
      timeoutCb: [Function: emitRequestTimeout],
      upgradeOrConnect: false,
      parser: null,
      maxHeadersCount: null,
      reusedSocket: true,
      host: 'api.geonames.org',
      protocol: 'http:',
      _redirectable: [Circular *1],
      [Symbol(kCapture)]: false,
      [Symbol(kBytesWritten)]: 0,
      [Symbol(kEndCalled)]: true,
      [Symbol(kNeedDrain)]: false,
      [Symbol(corked)]: 0,
      [Symbol(kOutHeaders)]: [Object: null prototype],
      [Symbol(errored)]: null,
      [Symbol(kUniqueHeaders)]: null
    },
    _currentUrl: 'http://api.geonames.org/postalCodeLookupJSON?postalcode=46578&country=IN&username=karthiga&style=full',
    [Symbol(kCapture)]: false
  },
  response: undefined,
  isAxiosError: true,
  toJSON: [Function: toJSON]
}
(node:8132) [SEQUELIZE0004] DeprecationWarning: A boolean value was passed to options.operatorsAliases. This is a no-op with v5 and should be removed.
(Use `node --trace-deprecation ...` to show where the warning was created)
(node:8580) [SEQUELIZE0004] DeprecationWarning: A boolean value was passed to options.operatorsAliases. This is a no-op with v5 and should be removed.
(Use `node --trace-deprecation ...` to show where the warning was created)
