(node:5228) [SEQUELIZE0004] DeprecationWarning: A boolean value was passed to options.operatorsAliases. This is a no-op with v5 and should be removed.
(Use `node --trace-deprecation ...` to show where the warning was created)
Deprecation warning: value provided is not in a recognized RFC2822 or ISO format. moment construction falls back to js Date(), which is not reliable across all browsers and versions. Non RFC2822/ISO date formats are discouraged. Please refer to http://momentjs.com/guides/#/warnings/js-date/ for more info.
Arguments: 
[0] _isAMomentObject: true, _isUTC: false, _useUTC: false, _l: undefined, _i: Mon Jul 31 2023 17:01:35 GMT+0530 (India Standard Time), _f: undefined, _strict: undefined, _locale: [object Object]
Error
    at Function.createFromInputFallback (C:\Users\Vendor\Documents\demoVersion 3\Hitachi_Vendor_Portal_BE\node_modules\moment\moment.js:324:25)
    at configFromString (C:\Users\Vendor\Documents\demoVersion 3\Hitachi_Vendor_Portal_BE\node_modules\moment\moment.js:2550:19)
    at configFromInput (C:\Users\Vendor\Documents\demoVersion 3\Hitachi_Vendor_Portal_BE\node_modules\moment\moment.js:2993:13)
    at prepareConfig (C:\Users\Vendor\Documents\demoVersion 3\Hitachi_Vendor_Portal_BE\node_modules\moment\moment.js:2976:13)
    at createFromConfig (C:\Users\Vendor\Documents\demoVersion 3\Hitachi_Vendor_Portal_BE\node_modules\moment\moment.js:2943:44)
    at createLocalOrUTC (C:\Users\Vendor\Documents\demoVersion 3\Hitachi_Vendor_Portal_BE\node_modules\moment\moment.js:3037:16)
    at createLocal (C:\Users\Vendor\Documents\demoVersion 3\Hitachi_Vendor_Portal_BE\node_modules\moment\moment.js:3041:16)
    at hooks (C:\Users\Vendor\Documents\demoVersion 3\Hitachi_Vendor_Portal_BE\node_modules\moment\moment.js:16:29)
    at model._sanitize (C:\Users\Vendor\Documents\demoVersion 3\Hitachi_Vendor_Portal_BE\node_modules\sequelize\lib\data-types.js:356:14)
    at model.set (C:\Users\Vendor\Documents\demoVersion 3\Hitachi_Vendor_Portal_BE\node_modules\sequelize\lib\model.js:2286:59)
    at model.set (C:\Users\Vendor\Documents\demoVersion 3\Hitachi_Vendor_Portal_BE\node_modules\sequelize\lib\model.js:2241:18)
    at model._initValues (C:\Users\Vendor\Documents\demoVersion 3\Hitachi_Vendor_Portal_BE\node_modules\sequelize\lib\model.js:156:10)
    at new Model (C:\Users\Vendor\Documents\demoVersion 3\Hitachi_Vendor_Portal_BE\node_modules\sequelize\lib\model.js:116:10)
    at new approval (C:\Users\Vendor\Documents\demoVersion 3\Hitachi_Vendor_Portal_BE\node_modules\sequelize\lib\sequelize.js:223:19)
    at approval.build (C:\Users\Vendor\Documents\demoVersion 3\Hitachi_Vendor_Portal_BE\node_modules\sequelize\lib\model.js:1344:12)
    at approval.update (C:\Users\Vendor\Documents\demoVersion 3\Hitachi_Vendor_Portal_BE\node_modules\sequelize\lib\model.js:1926:26)
    at NewData (C:\Users\Vendor\Documents\demoVersion 3\Hitachi_Vendor_Portal_BE\controller\approval.controller.js:654:28)
    at process.processTicksAndRejections (node:internal/process/task_queues:95:5)
Error: connect ETIMEDOUT 5.9.41.208:80
    at TCPConnectWrap.afterConnect [as oncomplete] (node:net:1494:16) {
  errno: -4039,
  code: 'ETIMEDOUT',
  syscall: 'connect',
  address: '5.9.41.208',
  port: 80,
  config: {
    url: 'http://api.geonames.org/postalCodeLookupJSON?postalcode=600110&country=IN&username=karthiga&style=full',
    method: 'get',
    headers: {
      Accept: 'application/json, text/plain, */*',
      'User-Agent': 'axios/0.21.4'
    },
    transformRequest: [ [Function: transformRequest] ],
    transformResponse: [ [Function: transformResponse] ],
    timeout: 0,
    adapter: [Function: httpAdapter],
    xsrfCookieName: 'XSRF-TOKEN',
    xsrfHeaderName: 'X-XSRF-TOKEN',
    maxContentLength: -1,
    maxBodyLength: -1,
    validateStatus: [Function: validateStatus],
    transitional: {
      silentJSONParsing: true,
      forcedJSONParsing: true,
      clarifyTimeoutError: false
    },
    data: undefined
  },
  request: <ref *1> Writable {
    _writableState: WritableState {
      objectMode: false,
      highWaterMark: 16384,
      finalCalled: false,
      needDrain: false,
      ending: false,
      ended: false,
      finished: false,
      destroyed: false,
      decodeStrings: true,
      defaultEncoding: 'utf8',
      length: 0,
      writing: false,
      corked: 0,
      sync: true,
      bufferProcessing: false,
      onwrite: [Function: bound onwrite],
      writecb: null,
      writelen: 0,
      afterWriteTickInfo: null,
      buffered: [],
      bufferedIndex: 0,
      allBuffers: true,
      allNoop: true,
      pendingcb: 0,
      constructed: true,
      prefinished: false,
      errorEmitted: false,
      emitClose: true,
      autoDestroy: true,
      errored: null,
      closed: false,
      closeEmitted: false,
      [Symbol(kOnFinished)]: []
    },
    _events: [Object: null prototype] {
      response: [Function: handleResponse],
      error: [Function: handleRequestError]
    },
    _eventsCount: 2,
    _maxListeners: undefined,
    _options: {
      maxRedirects: 21,
      maxBodyLength: 10485760,
      protocol: 'http:',
      path: '/postalCodeLookupJSON?postalcode=600110&country=IN&username=karthiga&style=full',
      method: 'GET',
      headers: [Object],
      agent: undefined,
      agents: [Object],
      auth: undefined,
      hostname: 'api.geonames.org',
      port: null,
      nativeProtocols: [Object],
      pathname: '/postalCodeLookupJSON',
      search: '?postalcode=600110&country=IN&username=karthiga&style=full'
    },
    _ended: true,
    _ending: true,
    _redirectCount: 0,
    _redirects: [],
    _requestBodyLength: 0,
    _requestBodyBuffers: [],
    _onNativeResponse: [Function (anonymous)],
    _currentRequest: ClientRequest {
      _events: [Object: null prototype],
      _eventsCount: 7,
      _maxListeners: undefined,
      outputData: [],
      outputSize: 0,
      writable: true,
      destroyed: false,
      _last: true,
      chunkedEncoding: false,
      shouldKeepAlive: true,
      maxRequestsOnConnectionReached: false,
      _defaultKeepAlive: true,
      useChunkedEncodingByDefault: false,
      sendDate: false,
      _removedConnection: false,
      _removedContLen: false,
      _removedTE: false,
      strictContentLength: false,
      _contentLength: 0,
      _hasBody: true,
      _trailer: '',
      finished: true,
      _headerSent: true,
      _closed: false,
      socket: [Socket],
      _header: 'GET /postalCodeLookupJSON?postalcode=600110&country=IN&username=karthiga&style=full HTTP/1.1\r\n' +
        'Accept: application/json, text/plain, */*\r\n' +
        'User-Agent: axios/0.21.4\r\n' +
        'Host: api.geonames.org\r\n' +
        'Connection: keep-alive\r\n' +
        '\r\n',
      _keepAliveTimeout: 0,
      _onPendingData: [Function: nop],
      agent: [Agent],
      socketPath: undefined,
      method: 'GET',
      maxHeaderSize: undefined,
      insecureHTTPParser: undefined,
      joinDuplicateHeaders: undefined,
      path: '/postalCodeLookupJSON?postalcode=600110&country=IN&username=karthiga&style=full',
      _ended: false,
      res: null,
      aborted: false,
      timeoutCb: [Function: emitRequestTimeout],
      upgradeOrConnect: false,
      parser: null,
      maxHeadersCount: null,
      reusedSocket: false,
      host: 'api.geonames.org',
      protocol: 'http:',
      _redirectable: [Circular *1],
      [Symbol(kCapture)]: false,
      [Symbol(kBytesWritten)]: 0,
      [Symbol(kEndCalled)]: true,
      [Symbol(kNeedDrain)]: false,
      [Symbol(corked)]: 0,
      [Symbol(kOutHeaders)]: [Object: null prototype],
      [Symbol(errored)]: null,
      [Symbol(kUniqueHeaders)]: null
    },
    _currentUrl: 'http://api.geonames.org/postalCodeLookupJSON?postalcode=600110&country=IN&username=karthiga&style=full',
    [Symbol(kCapture)]: false
  },
  response: undefined,
  isAxiosError: true,
  toJSON: [Function: toJSON]
}
Error: connect ETIMEDOUT 5.9.41.208:80
    at TCPConnectWrap.afterConnect [as oncomplete] (node:net:1494:16) {
  errno: -4039,
  code: 'ETIMEDOUT',
  syscall: 'connect',
  address: '5.9.41.208',
  port: 80,
  config: {
    url: 'http://api.geonames.org/postalCodeLookupJSON?postalcode=600110&country=IN&username=karthiga&style=full',
    method: 'get',
    headers: {
      Accept: 'application/json, text/plain, */*',
      'User-Agent': 'axios/0.21.4'
    },
    transformRequest: [ [Function: transformRequest] ],
    transformResponse: [ [Function: transformResponse] ],
    timeout: 0,
    adapter: [Function: httpAdapter],
    xsrfCookieName: 'XSRF-TOKEN',
    xsrfHeaderName: 'X-XSRF-TOKEN',
    maxContentLength: -1,
    maxBodyLength: -1,
    validateStatus: [Function: validateStatus],
    transitional: {
      silentJSONParsing: true,
      forcedJSONParsing: true,
      clarifyTimeoutError: false
    },
    data: undefined
  },
  request: <ref *1> Writable {
    _writableState: WritableState {
      objectMode: false,
      highWaterMark: 16384,
      finalCalled: false,
      needDrain: false,
      ending: false,
      ended: false,
      finished: false,
      destroyed: false,
      decodeStrings: true,
      defaultEncoding: 'utf8',
      length: 0,
      writing: false,
      corked: 0,
      sync: true,
      bufferProcessing: false,
      onwrite: [Function: bound onwrite],
      writecb: null,
      writelen: 0,
      afterWriteTickInfo: null,
      buffered: [],
      bufferedIndex: 0,
      allBuffers: true,
      allNoop: true,
      pendingcb: 0,
      constructed: true,
      prefinished: false,
      errorEmitted: false,
      emitClose: true,
      autoDestroy: true,
      errored: null,
      closed: false,
      closeEmitted: false,
      [Symbol(kOnFinished)]: []
    },
    _events: [Object: null prototype] {
      response: [Function: handleResponse],
      error: [Function: handleRequestError]
    },
    _eventsCount: 2,
    _maxListeners: undefined,
    _options: {
      maxRedirects: 21,
      maxBodyLength: 10485760,
      protocol: 'http:',
      path: '/postalCodeLookupJSON?postalcode=600110&country=IN&username=karthiga&style=full',
      method: 'GET',
      headers: [Object],
      agent: undefined,
      agents: [Object],
      auth: undefined,
      hostname: 'api.geonames.org',
      port: null,
      nativeProtocols: [Object],
      pathname: '/postalCodeLookupJSON',
      search: '?postalcode=600110&country=IN&username=karthiga&style=full'
    },
    _ended: true,
    _ending: true,
    _redirectCount: 0,
    _redirects: [],
    _requestBodyLength: 0,
    _requestBodyBuffers: [],
    _onNativeResponse: [Function (anonymous)],
    _currentRequest: ClientRequest {
      _events: [Object: null prototype],
      _eventsCount: 7,
      _maxListeners: undefined,
      outputData: [],
      outputSize: 0,
      writable: true,
      destroyed: false,
      _last: true,
      chunkedEncoding: false,
      shouldKeepAlive: true,
      maxRequestsOnConnectionReached: false,
      _defaultKeepAlive: true,
      useChunkedEncodingByDefault: false,
      sendDate: false,
      _removedConnection: false,
      _removedContLen: false,
      _removedTE: false,
      strictContentLength: false,
      _contentLength: 0,
      _hasBody: true,
      _trailer: '',
      finished: true,
      _headerSent: true,
      _closed: false,
      socket: [Socket],
      _header: 'GET /postalCodeLookupJSON?postalcode=600110&country=IN&username=karthiga&style=full HTTP/1.1\r\n' +
        'Accept: application/json, text/plain, */*\r\n' +
        'User-Agent: axios/0.21.4\r\n' +
        'Host: api.geonames.org\r\n' +
        'Connection: keep-alive\r\n' +
        '\r\n',
      _keepAliveTimeout: 0,
      _onPendingData: [Function: nop],
      agent: [Agent],
      socketPath: undefined,
      method: 'GET',
      maxHeaderSize: undefined,
      insecureHTTPParser: undefined,
      joinDuplicateHeaders: undefined,
      path: '/postalCodeLookupJSON?postalcode=600110&country=IN&username=karthiga&style=full',
      _ended: false,
      res: null,
      aborted: false,
      timeoutCb: [Function: emitRequestTimeout],
      upgradeOrConnect: false,
      parser: null,
      maxHeadersCount: null,
      reusedSocket: false,
      host: 'api.geonames.org',
      protocol: 'http:',
      _redirectable: [Circular *1],
      [Symbol(kCapture)]: false,
      [Symbol(kBytesWritten)]: 0,
      [Symbol(kEndCalled)]: true,
      [Symbol(kNeedDrain)]: false,
      [Symbol(corked)]: 0,
      [Symbol(kOutHeaders)]: [Object: null prototype],
      [Symbol(errored)]: null,
      [Symbol(kUniqueHeaders)]: null
    },
    _currentUrl: 'http://api.geonames.org/postalCodeLookupJSON?postalcode=600110&country=IN&username=karthiga&style=full',
    [Symbol(kCapture)]: false
  },
  response: undefined,
  isAxiosError: true,
  toJSON: [Function: toJSON]
}
(node:16048) [SEQUELIZE0004] DeprecationWarning: A boolean value was passed to options.operatorsAliases. This is a no-op with v5 and should be removed.
(Use `node --trace-deprecation ...` to show where the warning was created)
Deprecation warning: value provided is not in a recognized RFC2822 or ISO format. moment construction falls back to js Date(), which is not reliable across all browsers and versions. Non RFC2822/ISO date formats are discouraged. Please refer to http://momentjs.com/guides/#/warnings/js-date/ for more info.
Arguments: 
[0] _isAMomentObject: true, _isUTC: false, _useUTC: false, _l: undefined, _i: Tue Aug 01 2023 14:34:45 GMT+0530 (India Standard Time), _f: undefined, _strict: undefined, _locale: [object Object]
Error
    at Function.createFromInputFallback (C:\Users\Vendor\Documents\demoVersion 3\Hitachi_Vendor_Portal_BE\node_modules\moment\moment.js:324:25)
    at configFromString (C:\Users\Vendor\Documents\demoVersion 3\Hitachi_Vendor_Portal_BE\node_modules\moment\moment.js:2550:19)
    at configFromInput (C:\Users\Vendor\Documents\demoVersion 3\Hitachi_Vendor_Portal_BE\node_modules\moment\moment.js:2993:13)
    at prepareConfig (C:\Users\Vendor\Documents\demoVersion 3\Hitachi_Vendor_Portal_BE\node_modules\moment\moment.js:2976:13)
    at createFromConfig (C:\Users\Vendor\Documents\demoVersion 3\Hitachi_Vendor_Portal_BE\node_modules\moment\moment.js:2943:44)
    at createLocalOrUTC (C:\Users\Vendor\Documents\demoVersion 3\Hitachi_Vendor_Portal_BE\node_modules\moment\moment.js:3037:16)
    at createLocal (C:\Users\Vendor\Documents\demoVersion 3\Hitachi_Vendor_Portal_BE\node_modules\moment\moment.js:3041:16)
    at hooks (C:\Users\Vendor\Documents\demoVersion 3\Hitachi_Vendor_Portal_BE\node_modules\moment\moment.js:16:29)
    at model._sanitize (C:\Users\Vendor\Documents\demoVersion 3\Hitachi_Vendor_Portal_BE\node_modules\sequelize\lib\data-types.js:356:14)
    at model.set (C:\Users\Vendor\Documents\demoVersion 3\Hitachi_Vendor_Portal_BE\node_modules\sequelize\lib\model.js:2286:59)
    at model.set (C:\Users\Vendor\Documents\demoVersion 3\Hitachi_Vendor_Portal_BE\node_modules\sequelize\lib\model.js:2241:18)
    at model._initValues (C:\Users\Vendor\Documents\demoVersion 3\Hitachi_Vendor_Portal_BE\node_modules\sequelize\lib\model.js:156:10)
    at new Model (C:\Users\Vendor\Documents\demoVersion 3\Hitachi_Vendor_Portal_BE\node_modules\sequelize\lib\model.js:116:10)
    at new approval (C:\Users\Vendor\Documents\demoVersion 3\Hitachi_Vendor_Portal_BE\node_modules\sequelize\lib\sequelize.js:223:19)
    at approval.build (C:\Users\Vendor\Documents\demoVersion 3\Hitachi_Vendor_Portal_BE\node_modules\sequelize\lib\model.js:1344:12)
    at approval.update (C:\Users\Vendor\Documents\demoVersion 3\Hitachi_Vendor_Portal_BE\node_modules\sequelize\lib\model.js:1926:26)
    at NewData (C:\Users\Vendor\Documents\demoVersion 3\Hitachi_Vendor_Portal_BE\controller\approval.controller.js:654:28)
    at process.processTicksAndRejections (node:internal/process/task_queues:95:5)
(node:12208) [SEQUELIZE0004] DeprecationWarning: A boolean value was passed to options.operatorsAliases. This is a no-op with v5 and should be removed.
(Use `node --trace-deprecation ...` to show where the warning was created)
(node:11952) [SEQUELIZE0004] DeprecationWarning: A boolean value was passed to options.operatorsAliases. This is a no-op with v5 and should be removed.
(Use `node --trace-deprecation ...` to show where the warning was created)
You have triggered an unhandledRejection, you may have forgotten to catch a Promise rejection:
TypeError: Cannot read properties of null (reading 'emailId')
    at C:\Users\Vendor\Documents\demoVersion 3\Hitachi_Vendor_Portal_BE\controller\approval.controller.js:465:37
    at process.processTicksAndRejections (node:internal/process/task_queues:95:5)
You have triggered an unhandledRejection, you may have forgotten to catch a Promise rejection:
TypeError: Cannot read properties of null (reading 'emailId')
    at C:\Users\Vendor\Documents\demoVersion 3\Hitachi_Vendor_Portal_BE\controller\approval.controller.js:465:37
    at process.processTicksAndRejections (node:internal/process/task_queues:95:5)
You have triggered an unhandledRejection, you may have forgotten to catch a Promise rejection:
TypeError: Cannot read properties of null (reading 'emailId')
    at C:\Users\Vendor\Documents\demoVersion 3\Hitachi_Vendor_Portal_BE\controller\approval.controller.js:465:37
    at process.processTicksAndRejections (node:internal/process/task_queues:95:5)
(node:6140) [SEQUELIZE0004] DeprecationWarning: A boolean value was passed to options.operatorsAliases. This is a no-op with v5 and should be removed.
(Use `node --trace-deprecation ...` to show where the warning was created)
(node:14700) [SEQUELIZE0004] DeprecationWarning: A boolean value was passed to options.operatorsAliases. This is a no-op with v5 and should be removed.
(Use `node --trace-deprecation ...` to show where the warning was created)
Deprecation warning: value provided is not in a recognized RFC2822 or ISO format. moment construction falls back to js Date(), which is not reliable across all browsers and versions. Non RFC2822/ISO date formats are discouraged. Please refer to http://momentjs.com/guides/#/warnings/js-date/ for more info.
Arguments: 
[0] _isAMomentObject: true, _isUTC: false, _useUTC: false, _l: undefined, _i: Wed Aug 02 2023 12:35:40 GMT+0530 (India Standard Time), _f: undefined, _strict: undefined, _locale: [object Object]
Error
    at Function.createFromInputFallback (C:\Users\Vendor\Documents\demoVersion 3\Hitachi_Vendor_Portal_BE\node_modules\moment\moment.js:324:25)
    at configFromString (C:\Users\Vendor\Documents\demoVersion 3\Hitachi_Vendor_Portal_BE\node_modules\moment\moment.js:2550:19)
    at configFromInput (C:\Users\Vendor\Documents\demoVersion 3\Hitachi_Vendor_Portal_BE\node_modules\moment\moment.js:2993:13)
    at prepareConfig (C:\Users\Vendor\Documents\demoVersion 3\Hitachi_Vendor_Portal_BE\node_modules\moment\moment.js:2976:13)
    at createFromConfig (C:\Users\Vendor\Documents\demoVersion 3\Hitachi_Vendor_Portal_BE\node_modules\moment\moment.js:2943:44)
    at createLocalOrUTC (C:\Users\Vendor\Documents\demoVersion 3\Hitachi_Vendor_Portal_BE\node_modules\moment\moment.js:3037:16)
    at createLocal (C:\Users\Vendor\Documents\demoVersion 3\Hitachi_Vendor_Portal_BE\node_modules\moment\moment.js:3041:16)
    at hooks (C:\Users\Vendor\Documents\demoVersion 3\Hitachi_Vendor_Portal_BE\node_modules\moment\moment.js:16:29)
    at model._sanitize (C:\Users\Vendor\Documents\demoVersion 3\Hitachi_Vendor_Portal_BE\node_modules\sequelize\lib\data-types.js:356:14)
    at model.set (C:\Users\Vendor\Documents\demoVersion 3\Hitachi_Vendor_Portal_BE\node_modules\sequelize\lib\model.js:2286:59)
    at model.set (C:\Users\Vendor\Documents\demoVersion 3\Hitachi_Vendor_Portal_BE\node_modules\sequelize\lib\model.js:2241:18)
    at model._initValues (C:\Users\Vendor\Documents\demoVersion 3\Hitachi_Vendor_Portal_BE\node_modules\sequelize\lib\model.js:156:10)
    at new Model (C:\Users\Vendor\Documents\demoVersion 3\Hitachi_Vendor_Portal_BE\node_modules\sequelize\lib\model.js:116:10)
    at new approval (C:\Users\Vendor\Documents\demoVersion 3\Hitachi_Vendor_Portal_BE\node_modules\sequelize\lib\sequelize.js:223:19)
    at approval.build (C:\Users\Vendor\Documents\demoVersion 3\Hitachi_Vendor_Portal_BE\node_modules\sequelize\lib\model.js:1344:12)
    at approval.update (C:\Users\Vendor\Documents\demoVersion 3\Hitachi_Vendor_Portal_BE\node_modules\sequelize\lib\model.js:1926:26)
    at NewData (C:\Users\Vendor\Documents\demoVersion 3\Hitachi_Vendor_Portal_BE\controller\approval.controller.js:654:28)
    at process.processTicksAndRejections (node:internal/process/task_queues:95:5)
(node:21556) [SEQUELIZE0004] DeprecationWarning: A boolean value was passed to options.operatorsAliases. This is a no-op with v5 and should be removed.
(Use `node --trace-deprecation ...` to show where the warning was created)
(node:22292) [SEQUELIZE0004] DeprecationWarning: A boolean value was passed to options.operatorsAliases. This is a no-op with v5 and should be removed.
(Use `node --trace-deprecation ...` to show where the warning was created)
Deprecation warning: value provided is not in a recognized RFC2822 or ISO format. moment construction falls back to js Date(), which is not reliable across all browsers and versions. Non RFC2822/ISO date formats are discouraged. Please refer to http://momentjs.com/guides/#/warnings/js-date/ for more info.
Arguments: 
[0] _isAMomentObject: true, _isUTC: false, _useUTC: false, _l: undefined, _i: Fri Aug 04 2023 12:03:22 GMT+0530 (India Standard Time), _f: undefined, _strict: undefined, _locale: [object Object]
Error
    at Function.createFromInputFallback (C:\Users\Vendor\Documents\demoVersion 3\Hitachi_Vendor_Portal_BE\node_modules\moment\moment.js:324:25)
    at configFromString (C:\Users\Vendor\Documents\demoVersion 3\Hitachi_Vendor_Portal_BE\node_modules\moment\moment.js:2550:19)
    at configFromInput (C:\Users\Vendor\Documents\demoVersion 3\Hitachi_Vendor_Portal_BE\node_modules\moment\moment.js:2993:13)
    at prepareConfig (C:\Users\Vendor\Documents\demoVersion 3\Hitachi_Vendor_Portal_BE\node_modules\moment\moment.js:2976:13)
    at createFromConfig (C:\Users\Vendor\Documents\demoVersion 3\Hitachi_Vendor_Portal_BE\node_modules\moment\moment.js:2943:44)
    at createLocalOrUTC (C:\Users\Vendor\Documents\demoVersion 3\Hitachi_Vendor_Portal_BE\node_modules\moment\moment.js:3037:16)
    at createLocal (C:\Users\Vendor\Documents\demoVersion 3\Hitachi_Vendor_Portal_BE\node_modules\moment\moment.js:3041:16)
    at hooks (C:\Users\Vendor\Documents\demoVersion 3\Hitachi_Vendor_Portal_BE\node_modules\moment\moment.js:16:29)
    at model._sanitize (C:\Users\Vendor\Documents\demoVersion 3\Hitachi_Vendor_Portal_BE\node_modules\sequelize\lib\data-types.js:356:14)
    at model.set (C:\Users\Vendor\Documents\demoVersion 3\Hitachi_Vendor_Portal_BE\node_modules\sequelize\lib\model.js:2286:59)
    at model.set (C:\Users\Vendor\Documents\demoVersion 3\Hitachi_Vendor_Portal_BE\node_modules\sequelize\lib\model.js:2241:18)
    at model._initValues (C:\Users\Vendor\Documents\demoVersion 3\Hitachi_Vendor_Portal_BE\node_modules\sequelize\lib\model.js:156:10)
    at new Model (C:\Users\Vendor\Documents\demoVersion 3\Hitachi_Vendor_Portal_BE\node_modules\sequelize\lib\model.js:116:10)
    at new approval (C:\Users\Vendor\Documents\demoVersion 3\Hitachi_Vendor_Portal_BE\node_modules\sequelize\lib\sequelize.js:223:19)
    at approval.build (C:\Users\Vendor\Documents\demoVersion 3\Hitachi_Vendor_Portal_BE\node_modules\sequelize\lib\model.js:1344:12)
    at approval.update (C:\Users\Vendor\Documents\demoVersion 3\Hitachi_Vendor_Portal_BE\node_modules\sequelize\lib\model.js:1926:26)
    at NewData (C:\Users\Vendor\Documents\demoVersion 3\Hitachi_Vendor_Portal_BE\controller\approval.controller.js:654:28)
    at process.processTicksAndRejections (node:internal/process/task_queues:95:5)
(node:11604) [SEQUELIZE0004] DeprecationWarning: A boolean value was passed to options.operatorsAliases. This is a no-op with v5 and should be removed.
(Use `node --trace-deprecation ...` to show where the warning was created)
(node:14292) [SEQUELIZE0004] DeprecationWarning: A boolean value was passed to options.operatorsAliases. This is a no-op with v5 and should be removed.
(Use `node --trace-deprecation ...` to show where the warning was created)
SyntaxError: Unexpected end of JSON input
    at JSON.parse (<anonymous>)
    at C:\Users\Vendor\Documents\demoVersion 3\Hitachi_Vendor_Portal_BE\controller\Erp.controller.js:204:27
    at finalCallback (C:\Users\Vendor\Documents\demoVersion 3\Hitachi_Vendor_Portal_BE\node_modules\httpreq\lib\httpreq.js:103:7)
    at IncomingMessage.<anonymous> (C:\Users\Vendor\Documents\demoVersion 3\Hitachi_Vendor_Portal_BE\node_modules\httpreq\lib\httpreq.js:381:9)
    at IncomingMessage.emit (node:events:524:35)
    at endReadableNT (node:internal/streams/readable:1359:12)
    at process.processTicksAndRejections (node:internal/process/task_queues:82:21)
(node:8236) [SEQUELIZE0004] DeprecationWarning: A boolean value was passed to options.operatorsAliases. This is a no-op with v5 and should be removed.
(Use `node --trace-deprecation ...` to show where the warning was created)
SyntaxError: Unexpected end of JSON input
    at JSON.parse (<anonymous>)
    at C:\Users\Vendor\Documents\demoVersion 3\Hitachi_Vendor_Portal_BE\controller\Erp.controller.js:204:27
    at finalCallback (C:\Users\Vendor\Documents\demoVersion 3\Hitachi_Vendor_Portal_BE\node_modules\httpreq\lib\httpreq.js:103:7)
    at IncomingMessage.<anonymous> (C:\Users\Vendor\Documents\demoVersion 3\Hitachi_Vendor_Portal_BE\node_modules\httpreq\lib\httpreq.js:381:9)
    at IncomingMessage.emit (node:events:524:35)
    at endReadableNT (node:internal/streams/readable:1359:12)
    at process.processTicksAndRejections (node:internal/process/task_queues:82:21)
(node:21076) [SEQUELIZE0004] DeprecationWarning: A boolean value was passed to options.operatorsAliases. This is a no-op with v5 and should be removed.
(Use `node --trace-deprecation ...` to show where the warning was created)
SyntaxError: Unexpected end of JSON input
    at JSON.parse (<anonymous>)
    at C:\Users\Vendor\Documents\demoVersion 3\Hitachi_Vendor_Portal_BE\controller\Erp.controller.js:204:27
    at finalCallback (C:\Users\Vendor\Documents\demoVersion 3\Hitachi_Vendor_Portal_BE\node_modules\httpreq\lib\httpreq.js:103:7)
    at IncomingMessage.<anonymous> (C:\Users\Vendor\Documents\demoVersion 3\Hitachi_Vendor_Portal_BE\node_modules\httpreq\lib\httpreq.js:381:9)
    at IncomingMessage.emit (node:events:524:35)
    at endReadableNT (node:internal/streams/readable:1359:12)
    at process.processTicksAndRejections (node:internal/process/task_queues:82:21)
(node:10640) [SEQUELIZE0004] DeprecationWarning: A boolean value was passed to options.operatorsAliases. This is a no-op with v5 and should be removed.
(Use `node --trace-deprecation ...` to show where the warning was created)
SyntaxError: Unexpected end of JSON input
    at JSON.parse (<anonymous>)
    at C:\Users\Vendor\Documents\demoVersion 3\Hitachi_Vendor_Portal_BE\controller\Erp.controller.js:596:25
    at finalCallback (C:\Users\Vendor\Documents\demoVersion 3\Hitachi_Vendor_Portal_BE\node_modules\httpreq\lib\httpreq.js:103:7)
    at IncomingMessage.<anonymous> (C:\Users\Vendor\Documents\demoVersion 3\Hitachi_Vendor_Portal_BE\node_modules\httpreq\lib\httpreq.js:381:9)
    at IncomingMessage.emit (node:events:524:35)
    at endReadableNT (node:internal/streams/readable:1359:12)
    at process.processTicksAndRejections (node:internal/process/task_queues:82:21)
(node:18240) [SEQUELIZE0004] DeprecationWarning: A boolean value was passed to options.operatorsAliases. This is a no-op with v5 and should be removed.
(Use `node --trace-deprecation ...` to show where the warning was created)
SyntaxError: Unexpected end of JSON input
    at JSON.parse (<anonymous>)
    at C:\Users\Vendor\Documents\demoVersion 3\Hitachi_Vendor_Portal_BE\controller\Erp.controller.js:596:25
    at finalCallback (C:\Users\Vendor\Documents\demoVersion 3\Hitachi_Vendor_Portal_BE\node_modules\httpreq\lib\httpreq.js:103:7)
    at IncomingMessage.<anonymous> (C:\Users\Vendor\Documents\demoVersion 3\Hitachi_Vendor_Portal_BE\node_modules\httpreq\lib\httpreq.js:381:9)
    at IncomingMessage.emit (node:events:524:35)
    at endReadableNT (node:internal/streams/readable:1359:12)
    at process.processTicksAndRejections (node:internal/process/task_queues:82:21)
(node:21956) [SEQUELIZE0004] DeprecationWarning: A boolean value was passed to options.operatorsAliases. This is a no-op with v5 and should be removed.
(Use `node --trace-deprecation ...` to show where the warning was created)
SyntaxError: Unexpected end of JSON input
    at JSON.parse (<anonymous>)
    at C:\Users\Vendor\Documents\demoVersion 3\Hitachi_Vendor_Portal_BE\controller\Erp.controller.js:204:27
    at finalCallback (C:\Users\Vendor\Documents\demoVersion 3\Hitachi_Vendor_Portal_BE\node_modules\httpreq\lib\httpreq.js:103:7)
    at IncomingMessage.<anonymous> (C:\Users\Vendor\Documents\demoVersion 3\Hitachi_Vendor_Portal_BE\node_modules\httpreq\lib\httpreq.js:381:9)
    at IncomingMessage.emit (node:events:524:35)
    at endReadableNT (node:internal/streams/readable:1359:12)
    at process.processTicksAndRejections (node:internal/process/task_queues:82:21)
(node:17064) [SEQUELIZE0004] DeprecationWarning: A boolean value was passed to options.operatorsAliases. This is a no-op with v5 and should be removed.
(Use `node --trace-deprecation ...` to show where the warning was created)
SyntaxError: Unexpected end of JSON input
    at JSON.parse (<anonymous>)
    at C:\Users\Vendor\Documents\demoVersion 3\Hitachi_Vendor_Portal_BE\controller\Erp.controller.js:596:25
    at finalCallback (C:\Users\Vendor\Documents\demoVersion 3\Hitachi_Vendor_Portal_BE\node_modules\httpreq\lib\httpreq.js:103:7)
    at IncomingMessage.<anonymous> (C:\Users\Vendor\Documents\demoVersion 3\Hitachi_Vendor_Portal_BE\node_modules\httpreq\lib\httpreq.js:381:9)
    at IncomingMessage.emit (node:events:524:35)
    at endReadableNT (node:internal/streams/readable:1359:12)
    at process.processTicksAndRejections (node:internal/process/task_queues:82:21)
(node:21996) [SEQUELIZE0004] DeprecationWarning: A boolean value was passed to options.operatorsAliases. This is a no-op with v5 and should be removed.
(Use `node --trace-deprecation ...` to show where the warning was created)
SyntaxError: Unexpected end of JSON input
    at JSON.parse (<anonymous>)
    at C:\Users\Vendor\Documents\demoVersion 3\Hitachi_Vendor_Portal_BE\controller\Erp.controller.js:596:25
    at finalCallback (C:\Users\Vendor\Documents\demoVersion 3\Hitachi_Vendor_Portal_BE\node_modules\httpreq\lib\httpreq.js:103:7)
    at IncomingMessage.<anonymous> (C:\Users\Vendor\Documents\demoVersion 3\Hitachi_Vendor_Portal_BE\node_modules\httpreq\lib\httpreq.js:381:9)
    at IncomingMessage.emit (node:events:524:35)
    at endReadableNT (node:internal/streams/readable:1359:12)
    at process.processTicksAndRejections (node:internal/process/task_queues:82:21)
(node:19860) [SEQUELIZE0004] DeprecationWarning: A boolean value was passed to options.operatorsAliases. This is a no-op with v5 and should be removed.
(Use `node --trace-deprecation ...` to show where the warning was created)
SyntaxError: Unexpected end of JSON input
    at JSON.parse (<anonymous>)
    at C:\Users\Vendor\Documents\demoVersion 3\Hitachi_Vendor_Portal_BE\controller\Erp.controller.js:596:25
    at finalCallback (C:\Users\Vendor\Documents\demoVersion 3\Hitachi_Vendor_Portal_BE\node_modules\httpreq\lib\httpreq.js:103:7)
    at IncomingMessage.<anonymous> (C:\Users\Vendor\Documents\demoVersion 3\Hitachi_Vendor_Portal_BE\node_modules\httpreq\lib\httpreq.js:381:9)
    at IncomingMessage.emit (node:events:524:35)
    at endReadableNT (node:internal/streams/readable:1359:12)
    at process.processTicksAndRejections (node:internal/process/task_queues:82:21)
(node:10140) [SEQUELIZE0004] DeprecationWarning: A boolean value was passed to options.operatorsAliases. This is a no-op with v5 and should be removed.
(Use `node --trace-deprecation ...` to show where the warning was created)
SyntaxError: Unexpected end of JSON input
    at JSON.parse (<anonymous>)
    at C:\Users\Vendor\Documents\demoVersion 3\Hitachi_Vendor_Portal_BE\controller\Erp.controller.js:204:27
    at finalCallback (C:\Users\Vendor\Documents\demoVersion 3\Hitachi_Vendor_Portal_BE\node_modules\httpreq\lib\httpreq.js:103:7)
    at IncomingMessage.<anonymous> (C:\Users\Vendor\Documents\demoVersion 3\Hitachi_Vendor_Portal_BE\node_modules\httpreq\lib\httpreq.js:381:9)
    at IncomingMessage.emit (node:events:524:35)
    at endReadableNT (node:internal/streams/readable:1359:12)
    at process.processTicksAndRejections (node:internal/process/task_queues:82:21)
(node:12472) [SEQUELIZE0004] DeprecationWarning: A boolean value was passed to options.operatorsAliases. This is a no-op with v5 and should be removed.
(Use `node --trace-deprecation ...` to show where the warning was created)
SyntaxError: Unexpected end of JSON input
    at JSON.parse (<anonymous>)
    at C:\Users\Vendor\Documents\demoVersion 3\Hitachi_Vendor_Portal_BE\controller\Erp.controller.js:596:25
    at finalCallback (C:\Users\Vendor\Documents\demoVersion 3\Hitachi_Vendor_Portal_BE\node_modules\httpreq\lib\httpreq.js:103:7)
    at IncomingMessage.<anonymous> (C:\Users\Vendor\Documents\demoVersion 3\Hitachi_Vendor_Portal_BE\node_modules\httpreq\lib\httpreq.js:381:9)
    at IncomingMessage.emit (node:events:524:35)
    at endReadableNT (node:internal/streams/readable:1359:12)
    at process.processTicksAndRejections (node:internal/process/task_queues:82:21)
(node:17060) [SEQUELIZE0004] DeprecationWarning: A boolean value was passed to options.operatorsAliases. This is a no-op with v5 and should be removed.
(Use `node --trace-deprecation ...` to show where the warning was created)
Deprecation warning: value provided is not in a recognized RFC2822 or ISO format. moment construction falls back to js Date(), which is not reliable across all browsers and versions. Non RFC2822/ISO date formats are discouraged. Please refer to http://momentjs.com/guides/#/warnings/js-date/ for more info.
Arguments: 
[0] _isAMomentObject: true, _isUTC: false, _useUTC: false, _l: undefined, _i: Tue Aug 08 2023 15:18:13 GMT+0530 (India Standard Time), _f: undefined, _strict: undefined, _locale: [object Object]
Error
    at Function.createFromInputFallback (C:\Users\Vendor\Documents\demoVersion 3\Hitachi_Vendor_Portal_BE\node_modules\moment\moment.js:324:25)
    at configFromString (C:\Users\Vendor\Documents\demoVersion 3\Hitachi_Vendor_Portal_BE\node_modules\moment\moment.js:2550:19)
    at configFromInput (C:\Users\Vendor\Documents\demoVersion 3\Hitachi_Vendor_Portal_BE\node_modules\moment\moment.js:2993:13)
    at prepareConfig (C:\Users\Vendor\Documents\demoVersion 3\Hitachi_Vendor_Portal_BE\node_modules\moment\moment.js:2976:13)
    at createFromConfig (C:\Users\Vendor\Documents\demoVersion 3\Hitachi_Vendor_Portal_BE\node_modules\moment\moment.js:2943:44)
    at createLocalOrUTC (C:\Users\Vendor\Documents\demoVersion 3\Hitachi_Vendor_Portal_BE\node_modules\moment\moment.js:3037:16)
    at createLocal (C:\Users\Vendor\Documents\demoVersion 3\Hitachi_Vendor_Portal_BE\node_modules\moment\moment.js:3041:16)
    at hooks (C:\Users\Vendor\Documents\demoVersion 3\Hitachi_Vendor_Portal_BE\node_modules\moment\moment.js:16:29)
    at model._sanitize (C:\Users\Vendor\Documents\demoVersion 3\Hitachi_Vendor_Portal_BE\node_modules\sequelize\lib\data-types.js:356:14)
    at model.set (C:\Users\Vendor\Documents\demoVersion 3\Hitachi_Vendor_Portal_BE\node_modules\sequelize\lib\model.js:2286:59)
    at model.set (C:\Users\Vendor\Documents\demoVersion 3\Hitachi_Vendor_Portal_BE\node_modules\sequelize\lib\model.js:2241:18)
    at model._initValues (C:\Users\Vendor\Documents\demoVersion 3\Hitachi_Vendor_Portal_BE\node_modules\sequelize\lib\model.js:156:10)
    at new Model (C:\Users\Vendor\Documents\demoVersion 3\Hitachi_Vendor_Portal_BE\node_modules\sequelize\lib\model.js:116:10)
    at new approval (C:\Users\Vendor\Documents\demoVersion 3\Hitachi_Vendor_Portal_BE\node_modules\sequelize\lib\sequelize.js:223:19)
    at approval.build (C:\Users\Vendor\Documents\demoVersion 3\Hitachi_Vendor_Portal_BE\node_modules\sequelize\lib\model.js:1344:12)
    at approval.update (C:\Users\Vendor\Documents\demoVersion 3\Hitachi_Vendor_Portal_BE\node_modules\sequelize\lib\model.js:1926:26)
    at NewData (C:\Users\Vendor\Documents\demoVersion 3\Hitachi_Vendor_Portal_BE\controller\approval.controller.js:654:28)
    at process.processTicksAndRejections (node:internal/process/task_queues:95:5)
Error: connect ETIMEDOUT 176.9.107.169:80
    at TCPConnectWrap.afterConnect [as oncomplete] (node:net:1494:16) {
  errno: -4039,
  code: 'ETIMEDOUT',
  syscall: 'connect',
  address: '176.9.107.169',
  port: 80,
  config: {
    url: 'http://api.geonames.org/postalCodeLookupJSON?postalcode=2000&country=AU&username=karthiga&style=full',
    method: 'get',
    headers: {
      Accept: 'application/json, text/plain, */*',
      'User-Agent': 'axios/0.21.4'
    },
    transformRequest: [ [Function: transformRequest] ],
    transformResponse: [ [Function: transformResponse] ],
    timeout: 0,
    adapter: [Function: httpAdapter],
    xsrfCookieName: 'XSRF-TOKEN',
    xsrfHeaderName: 'X-XSRF-TOKEN',
    maxContentLength: -1,
    maxBodyLength: -1,
    validateStatus: [Function: validateStatus],
    transitional: {
      silentJSONParsing: true,
      forcedJSONParsing: true,
      clarifyTimeoutError: false
    },
    data: undefined
  },
  request: <ref *1> Writable {
    _writableState: WritableState {
      objectMode: false,
      highWaterMark: 16384,
      finalCalled: false,
      needDrain: false,
      ending: false,
      ended: false,
      finished: false,
      destroyed: false,
      decodeStrings: true,
      defaultEncoding: 'utf8',
      length: 0,
      writing: false,
      corked: 0,
      sync: true,
      bufferProcessing: false,
      onwrite: [Function: bound onwrite],
      writecb: null,
      writelen: 0,
      afterWriteTickInfo: null,
      buffered: [],
      bufferedIndex: 0,
      allBuffers: true,
      allNoop: true,
      pendingcb: 0,
      constructed: true,
      prefinished: false,
      errorEmitted: false,
      emitClose: true,
      autoDestroy: true,
      errored: null,
      closed: false,
      closeEmitted: false,
      [Symbol(kOnFinished)]: []
    },
    _events: [Object: null prototype] {
      response: [Function: handleResponse],
      error: [Function: handleRequestError]
    },
    _eventsCount: 2,
    _maxListeners: undefined,
    _options: {
      maxRedirects: 21,
      maxBodyLength: 10485760,
      protocol: 'http:',
      path: '/postalCodeLookupJSON?postalcode=2000&country=AU&username=karthiga&style=full',
      method: 'GET',
      headers: [Object],
      agent: undefined,
      agents: [Object],
      auth: undefined,
      hostname: 'api.geonames.org',
      port: null,
      nativeProtocols: [Object],
      pathname: '/postalCodeLookupJSON',
      search: '?postalcode=2000&country=AU&username=karthiga&style=full'
    },
    _ended: true,
    _ending: true,
    _redirectCount: 0,
    _redirects: [],
    _requestBodyLength: 0,
    _requestBodyBuffers: [],
    _onNativeResponse: [Function (anonymous)],
    _currentRequest: ClientRequest {
      _events: [Object: null prototype],
      _eventsCount: 7,
      _maxListeners: undefined,
      outputData: [],
      outputSize: 0,
      writable: true,
      destroyed: false,
      _last: true,
      chunkedEncoding: false,
      shouldKeepAlive: true,
      maxRequestsOnConnectionReached: false,
      _defaultKeepAlive: true,
      useChunkedEncodingByDefault: false,
      sendDate: false,
      _removedConnection: false,
      _removedContLen: false,
      _removedTE: false,
      strictContentLength: false,
      _contentLength: 0,
      _hasBody: true,
      _trailer: '',
      finished: true,
      _headerSent: true,
      _closed: false,
      socket: [Socket],
      _header: 'GET /postalCodeLookupJSON?postalcode=2000&country=AU&username=karthiga&style=full HTTP/1.1\r\n' +
        'Accept: application/json, text/plain, */*\r\n' +
        'User-Agent: axios/0.21.4\r\n' +
        'Host: api.geonames.org\r\n' +
        'Connection: keep-alive\r\n' +
        '\r\n',
      _keepAliveTimeout: 0,
      _onPendingData: [Function: nop],
      agent: [Agent],
      socketPath: undefined,
      method: 'GET',
      maxHeaderSize: undefined,
      insecureHTTPParser: undefined,
      joinDuplicateHeaders: undefined,
      path: '/postalCodeLookupJSON?postalcode=2000&country=AU&username=karthiga&style=full',
      _ended: false,
      res: null,
      aborted: false,
      timeoutCb: [Function: emitRequestTimeout],
      upgradeOrConnect: false,
      parser: null,
      maxHeadersCount: null,
      reusedSocket: false,
      host: 'api.geonames.org',
      protocol: 'http:',
      _redirectable: [Circular *1],
      [Symbol(kCapture)]: false,
      [Symbol(kBytesWritten)]: 0,
      [Symbol(kEndCalled)]: true,
      [Symbol(kNeedDrain)]: false,
      [Symbol(corked)]: 0,
      [Symbol(kOutHeaders)]: [Object: null prototype],
      [Symbol(errored)]: null,
      [Symbol(kUniqueHeaders)]: null
    },
    _currentUrl: 'http://api.geonames.org/postalCodeLookupJSON?postalcode=2000&country=AU&username=karthiga&style=full',
    [Symbol(kCapture)]: false
  },
  response: undefined,
  isAxiosError: true,
  toJSON: [Function: toJSON]
}
Error: connect ETIMEDOUT 176.9.107.169:80
    at TCPConnectWrap.afterConnect [as oncomplete] (node:net:1494:16) {
  errno: -4039,
  code: 'ETIMEDOUT',
  syscall: 'connect',
  address: '176.9.107.169',
  port: 80,
  config: {
    url: 'http://api.geonames.org/postalCodeLookupJSON?postalcode=2000&country=AU&username=karthiga&style=full',
    method: 'get',
    headers: {
      Accept: 'application/json, text/plain, */*',
      'User-Agent': 'axios/0.21.4'
    },
    transformRequest: [ [Function: transformRequest] ],
    transformResponse: [ [Function: transformResponse] ],
    timeout: 0,
    adapter: [Function: httpAdapter],
    xsrfCookieName: 'XSRF-TOKEN',
    xsrfHeaderName: 'X-XSRF-TOKEN',
    maxContentLength: -1,
    maxBodyLength: -1,
    validateStatus: [Function: validateStatus],
    transitional: {
      silentJSONParsing: true,
      forcedJSONParsing: true,
      clarifyTimeoutError: false
    },
    data: undefined
  },
  request: <ref *1> Writable {
    _writableState: WritableState {
      objectMode: false,
      highWaterMark: 16384,
      finalCalled: false,
      needDrain: false,
      ending: false,
      ended: false,
      finished: false,
      destroyed: false,
      decodeStrings: true,
      defaultEncoding: 'utf8',
      length: 0,
      writing: false,
      corked: 0,
      sync: true,
      bufferProcessing: false,
      onwrite: [Function: bound onwrite],
      writecb: null,
      writelen: 0,
      afterWriteTickInfo: null,
      buffered: [],
      bufferedIndex: 0,
      allBuffers: true,
      allNoop: true,
      pendingcb: 0,
      constructed: true,
      prefinished: false,
      errorEmitted: false,
      emitClose: true,
      autoDestroy: true,
      errored: null,
      closed: false,
      closeEmitted: false,
      [Symbol(kOnFinished)]: []
    },
    _events: [Object: null prototype] {
      response: [Function: handleResponse],
      error: [Function: handleRequestError]
    },
    _eventsCount: 2,
    _maxListeners: undefined,
    _options: {
      maxRedirects: 21,
      maxBodyLength: 10485760,
      protocol: 'http:',
      path: '/postalCodeLookupJSON?postalcode=2000&country=AU&username=karthiga&style=full',
      method: 'GET',
      headers: [Object],
      agent: undefined,
      agents: [Object],
      auth: undefined,
      hostname: 'api.geonames.org',
      port: null,
      nativeProtocols: [Object],
      pathname: '/postalCodeLookupJSON',
      search: '?postalcode=2000&country=AU&username=karthiga&style=full'
    },
    _ended: true,
    _ending: true,
    _redirectCount: 0,
    _redirects: [],
    _requestBodyLength: 0,
    _requestBodyBuffers: [],
    _onNativeResponse: [Function (anonymous)],
    _currentRequest: ClientRequest {
      _events: [Object: null prototype],
      _eventsCount: 7,
      _maxListeners: undefined,
      outputData: [],
      outputSize: 0,
      writable: true,
      destroyed: false,
      _last: true,
      chunkedEncoding: false,
      shouldKeepAlive: true,
      maxRequestsOnConnectionReached: false,
      _defaultKeepAlive: true,
      useChunkedEncodingByDefault: false,
      sendDate: false,
      _removedConnection: false,
      _removedContLen: false,
      _removedTE: false,
      strictContentLength: false,
      _contentLength: 0,
      _hasBody: true,
      _trailer: '',
      finished: true,
      _headerSent: true,
      _closed: false,
      socket: [Socket],
      _header: 'GET /postalCodeLookupJSON?postalcode=2000&country=AU&username=karthiga&style=full HTTP/1.1\r\n' +
        'Accept: application/json, text/plain, */*\r\n' +
        'User-Agent: axios/0.21.4\r\n' +
        'Host: api.geonames.org\r\n' +
        'Connection: keep-alive\r\n' +
        '\r\n',
      _keepAliveTimeout: 0,
      _onPendingData: [Function: nop],
      agent: [Agent],
      socketPath: undefined,
      method: 'GET',
      maxHeaderSize: undefined,
      insecureHTTPParser: undefined,
      joinDuplicateHeaders: undefined,
      path: '/postalCodeLookupJSON?postalcode=2000&country=AU&username=karthiga&style=full',
      _ended: false,
      res: null,
      aborted: false,
      timeoutCb: [Function: emitRequestTimeout],
      upgradeOrConnect: false,
      parser: null,
      maxHeadersCount: null,
      reusedSocket: false,
      host: 'api.geonames.org',
      protocol: 'http:',
      _redirectable: [Circular *1],
      [Symbol(kCapture)]: false,
      [Symbol(kBytesWritten)]: 0,
      [Symbol(kEndCalled)]: true,
      [Symbol(kNeedDrain)]: false,
      [Symbol(corked)]: 0,
      [Symbol(kOutHeaders)]: [Object: null prototype],
      [Symbol(errored)]: null,
      [Symbol(kUniqueHeaders)]: null
    },
    _currentUrl: 'http://api.geonames.org/postalCodeLookupJSON?postalcode=2000&country=AU&username=karthiga&style=full',
    [Symbol(kCapture)]: false
  },
  response: undefined,
  isAxiosError: true,
  toJSON: [Function: toJSON]
}
(node:6256) [SEQUELIZE0004] DeprecationWarning: A boolean value was passed to options.operatorsAliases. This is a no-op with v5 and should be removed.
(Use `node --trace-deprecation ...` to show where the warning was created)
(node:10212) [SEQUELIZE0004] DeprecationWarning: A boolean value was passed to options.operatorsAliases. This is a no-op with v5 and should be removed.
(Use `node --trace-deprecation ...` to show where the warning was created)
(node:6488) [SEQUELIZE0004] DeprecationWarning: A boolean value was passed to options.operatorsAliases. This is a no-op with v5 and should be removed.
(Use `node --trace-deprecation ...` to show where the warning was created)
(node:22292) [SEQUELIZE0004] DeprecationWarning: A boolean value was passed to options.operatorsAliases. This is a no-op with v5 and should be removed.
(Use `node --trace-deprecation ...` to show where the warning was created)
(node:15260) [SEQUELIZE0004] DeprecationWarning: A boolean value was passed to options.operatorsAliases. This is a no-op with v5 and should be removed.
(Use `node --trace-deprecation ...` to show where the warning was created)
(node:15840) [SEQUELIZE0004] DeprecationWarning: A boolean value was passed to options.operatorsAliases. This is a no-op with v5 and should be removed.
(Use `node --trace-deprecation ...` to show where the warning was created)
(node:5484) [SEQUELIZE0004] DeprecationWarning: A boolean value was passed to options.operatorsAliases. This is a no-op with v5 and should be removed.
(Use `node --trace-deprecation ...` to show where the warning was created)
(node:20696) [SEQUELIZE0004] DeprecationWarning: A boolean value was passed to options.operatorsAliases. This is a no-op with v5 and should be removed.
(Use `node --trace-deprecation ...` to show where the warning was created)
Error: connect ETIMEDOUT 5.9.41.208:80
    at TCPConnectWrap.afterConnect [as oncomplete] (node:net:1494:16) {
  errno: -4039,
  code: 'ETIMEDOUT',
  syscall: 'connect',
  address: '5.9.41.208',
  port: 80,
  config: {
    url: 'http://api.geonames.org/postalCodeLookupJSON?postalcode=600020&country=IN&username=karthiga&style=full',
    method: 'get',
    headers: {
      Accept: 'application/json, text/plain, */*',
      'User-Agent': 'axios/0.21.4'
    },
    transformRequest: [ [Function: transformRequest] ],
    transformResponse: [ [Function: transformResponse] ],
    timeout: 0,
    adapter: [Function: httpAdapter],
    xsrfCookieName: 'XSRF-TOKEN',
    xsrfHeaderName: 'X-XSRF-TOKEN',
    maxContentLength: -1,
    maxBodyLength: -1,
    validateStatus: [Function: validateStatus],
    transitional: {
      silentJSONParsing: true,
      forcedJSONParsing: true,
      clarifyTimeoutError: false
    },
    data: undefined
  },
  request: <ref *1> Writable {
    _writableState: WritableState {
      objectMode: false,
      highWaterMark: 16384,
      finalCalled: false,
      needDrain: false,
      ending: false,
      ended: false,
      finished: false,
      destroyed: false,
      decodeStrings: true,
      defaultEncoding: 'utf8',
      length: 0,
      writing: false,
      corked: 0,
      sync: true,
      bufferProcessing: false,
      onwrite: [Function: bound onwrite],
      writecb: null,
      writelen: 0,
      afterWriteTickInfo: null,
      buffered: [],
      bufferedIndex: 0,
      allBuffers: true,
      allNoop: true,
      pendingcb: 0,
      constructed: true,
      prefinished: false,
      errorEmitted: false,
      emitClose: true,
      autoDestroy: true,
      errored: null,
      closed: false,
      closeEmitted: false,
      [Symbol(kOnFinished)]: []
    },
    _events: [Object: null prototype] {
      response: [Function: handleResponse],
      error: [Function: handleRequestError]
    },
    _eventsCount: 2,
    _maxListeners: undefined,
    _options: {
      maxRedirects: 21,
      maxBodyLength: 10485760,
      protocol: 'http:',
      path: '/postalCodeLookupJSON?postalcode=600020&country=IN&username=karthiga&style=full',
      method: 'GET',
      headers: [Object],
      agent: undefined,
      agents: [Object],
      auth: undefined,
      hostname: 'api.geonames.org',
      port: null,
      nativeProtocols: [Object],
      pathname: '/postalCodeLookupJSON',
      search: '?postalcode=600020&country=IN&username=karthiga&style=full'
    },
    _ended: true,
    _ending: true,
    _redirectCount: 0,
    _redirects: [],
    _requestBodyLength: 0,
    _requestBodyBuffers: [],
    _onNativeResponse: [Function (anonymous)],
    _currentRequest: ClientRequest {
      _events: [Object: null prototype],
      _eventsCount: 7,
      _maxListeners: undefined,
      outputData: [],
      outputSize: 0,
      writable: true,
      destroyed: false,
      _last: true,
      chunkedEncoding: false,
      shouldKeepAlive: true,
      maxRequestsOnConnectionReached: false,
      _defaultKeepAlive: true,
      useChunkedEncodingByDefault: false,
      sendDate: false,
      _removedConnection: false,
      _removedContLen: false,
      _removedTE: false,
      strictContentLength: false,
      _contentLength: 0,
      _hasBody: true,
      _trailer: '',
      finished: true,
      _headerSent: true,
      _closed: false,
      socket: [Socket],
      _header: 'GET /postalCodeLookupJSON?postalcode=600020&country=IN&username=karthiga&style=full HTTP/1.1\r\n' +
        'Accept: application/json, text/plain, */*\r\n' +
        'User-Agent: axios/0.21.4\r\n' +
        'Host: api.geonames.org\r\n' +
        'Connection: keep-alive\r\n' +
        '\r\n',
      _keepAliveTimeout: 0,
      _onPendingData: [Function: nop],
      agent: [Agent],
      socketPath: undefined,
      method: 'GET',
      maxHeaderSize: undefined,
      insecureHTTPParser: undefined,
      joinDuplicateHeaders: undefined,
      path: '/postalCodeLookupJSON?postalcode=600020&country=IN&username=karthiga&style=full',
      _ended: false,
      res: null,
      aborted: false,
      timeoutCb: [Function: emitRequestTimeout],
      upgradeOrConnect: false,
      parser: null,
      maxHeadersCount: null,
      reusedSocket: false,
      host: 'api.geonames.org',
      protocol: 'http:',
      _redirectable: [Circular *1],
      [Symbol(kCapture)]: false,
      [Symbol(kBytesWritten)]: 0,
      [Symbol(kEndCalled)]: true,
      [Symbol(kNeedDrain)]: false,
      [Symbol(corked)]: 0,
      [Symbol(kOutHeaders)]: [Object: null prototype],
      [Symbol(errored)]: null,
      [Symbol(kUniqueHeaders)]: null
    },
    _currentUrl: 'http://api.geonames.org/postalCodeLookupJSON?postalcode=600020&country=IN&username=karthiga&style=full',
    [Symbol(kCapture)]: false
  },
  response: undefined,
  isAxiosError: true,
  toJSON: [Function: toJSON]
}
Error: connect ETIMEDOUT 5.9.41.208:80
    at TCPConnectWrap.afterConnect [as oncomplete] (node:net:1494:16) {
  errno: -4039,
  code: 'ETIMEDOUT',
  syscall: 'connect',
  address: '5.9.41.208',
  port: 80,
  config: {
    url: 'http://api.geonames.org/postalCodeLookupJSON?postalcode=600020&country=IN&username=karthiga&style=full',
    method: 'get',
    headers: {
      Accept: 'application/json, text/plain, */*',
      'User-Agent': 'axios/0.21.4'
    },
    transformRequest: [ [Function: transformRequest] ],
    transformResponse: [ [Function: transformResponse] ],
    timeout: 0,
    adapter: [Function: httpAdapter],
    xsrfCookieName: 'XSRF-TOKEN',
    xsrfHeaderName: 'X-XSRF-TOKEN',
    maxContentLength: -1,
    maxBodyLength: -1,
    validateStatus: [Function: validateStatus],
    transitional: {
      silentJSONParsing: true,
      forcedJSONParsing: true,
      clarifyTimeoutError: false
    },
    data: undefined
  },
  request: <ref *1> Writable {
    _writableState: WritableState {
      objectMode: false,
      highWaterMark: 16384,
      finalCalled: false,
      needDrain: false,
      ending: false,
      ended: false,
      finished: false,
      destroyed: false,
      decodeStrings: true,
      defaultEncoding: 'utf8',
      length: 0,
      writing: false,
      corked: 0,
      sync: true,
      bufferProcessing: false,
      onwrite: [Function: bound onwrite],
      writecb: null,
      writelen: 0,
      afterWriteTickInfo: null,
      buffered: [],
      bufferedIndex: 0,
      allBuffers: true,
      allNoop: true,
      pendingcb: 0,
      constructed: true,
      prefinished: false,
      errorEmitted: false,
      emitClose: true,
      autoDestroy: true,
      errored: null,
      closed: false,
      closeEmitted: false,
      [Symbol(kOnFinished)]: []
    },
    _events: [Object: null prototype] {
      response: [Function: handleResponse],
      error: [Function: handleRequestError]
    },
    _eventsCount: 2,
    _maxListeners: undefined,
    _options: {
      maxRedirects: 21,
      maxBodyLength: 10485760,
      protocol: 'http:',
      path: '/postalCodeLookupJSON?postalcode=600020&country=IN&username=karthiga&style=full',
      method: 'GET',
      headers: [Object],
      agent: undefined,
      agents: [Object],
      auth: undefined,
      hostname: 'api.geonames.org',
      port: null,
      nativeProtocols: [Object],
      pathname: '/postalCodeLookupJSON',
      search: '?postalcode=600020&country=IN&username=karthiga&style=full'
    },
    _ended: true,
    _ending: true,
    _redirectCount: 0,
    _redirects: [],
    _requestBodyLength: 0,
    _requestBodyBuffers: [],
    _onNativeResponse: [Function (anonymous)],
    _currentRequest: ClientRequest {
      _events: [Object: null prototype],
      _eventsCount: 7,
      _maxListeners: undefined,
      outputData: [],
      outputSize: 0,
      writable: true,
      destroyed: false,
      _last: true,
      chunkedEncoding: false,
      shouldKeepAlive: true,
      maxRequestsOnConnectionReached: false,
      _defaultKeepAlive: true,
      useChunkedEncodingByDefault: false,
      sendDate: false,
      _removedConnection: false,
      _removedContLen: false,
      _removedTE: false,
      strictContentLength: false,
      _contentLength: 0,
      _hasBody: true,
      _trailer: '',
      finished: true,
      _headerSent: true,
      _closed: false,
      socket: [Socket],
      _header: 'GET /postalCodeLookupJSON?postalcode=600020&country=IN&username=karthiga&style=full HTTP/1.1\r\n' +
        'Accept: application/json, text/plain, */*\r\n' +
        'User-Agent: axios/0.21.4\r\n' +
        'Host: api.geonames.org\r\n' +
        'Connection: keep-alive\r\n' +
        '\r\n',
      _keepAliveTimeout: 0,
      _onPendingData: [Function: nop],
      agent: [Agent],
      socketPath: undefined,
      method: 'GET',
      maxHeaderSize: undefined,
      insecureHTTPParser: undefined,
      joinDuplicateHeaders: undefined,
      path: '/postalCodeLookupJSON?postalcode=600020&country=IN&username=karthiga&style=full',
      _ended: false,
      res: null,
      aborted: false,
      timeoutCb: [Function: emitRequestTimeout],
      upgradeOrConnect: false,
      parser: null,
      maxHeadersCount: null,
      reusedSocket: false,
      host: 'api.geonames.org',
      protocol: 'http:',
      _redirectable: [Circular *1],
      [Symbol(kCapture)]: false,
      [Symbol(kBytesWritten)]: 0,
      [Symbol(kEndCalled)]: true,
      [Symbol(kNeedDrain)]: false,
      [Symbol(corked)]: 0,
      [Symbol(kOutHeaders)]: [Object: null prototype],
      [Symbol(errored)]: null,
      [Symbol(kUniqueHeaders)]: null
    },
    _currentUrl: 'http://api.geonames.org/postalCodeLookupJSON?postalcode=600020&country=IN&username=karthiga&style=full',
    [Symbol(kCapture)]: false
  },
  response: undefined,
  isAxiosError: true,
  toJSON: [Function: toJSON]
}
(node:17332) [SEQUELIZE0004] DeprecationWarning: A boolean value was passed to options.operatorsAliases. This is a no-op with v5 and should be removed.
(Use `node --trace-deprecation ...` to show where the warning was created)
(node:18704) [SEQUELIZE0004] DeprecationWarning: A boolean value was passed to options.operatorsAliases. This is a no-op with v5 and should be removed.
(Use `node --trace-deprecation ...` to show where the warning was created)
(node:4860) [SEQUELIZE0004] DeprecationWarning: A boolean value was passed to options.operatorsAliases. This is a no-op with v5 and should be removed.
(Use `node --trace-deprecation ...` to show where the warning was created)
(node:4460) [SEQUELIZE0004] DeprecationWarning: A boolean value was passed to options.operatorsAliases. This is a no-op with v5 and should be removed.
(Use `node --trace-deprecation ...` to show where the warning was created)
(node:21400) [SEQUELIZE0004] DeprecationWarning: A boolean value was passed to options.operatorsAliases. This is a no-op with v5 and should be removed.
(Use `node --trace-deprecation ...` to show where the warning was created)
(node:15596) [SEQUELIZE0004] DeprecationWarning: A boolean value was passed to options.operatorsAliases. This is a no-op with v5 and should be removed.
(Use `node --trace-deprecation ...` to show where the warning was created)
(node:20244) [SEQUELIZE0004] DeprecationWarning: A boolean value was passed to options.operatorsAliases. This is a no-op with v5 and should be removed.
(Use `node --trace-deprecation ...` to show where the warning was created)
(node:20640) [SEQUELIZE0004] DeprecationWarning: A boolean value was passed to options.operatorsAliases. This is a no-op with v5 and should be removed.
(Use `node --trace-deprecation ...` to show where the warning was created)
(node:18156) [SEQUELIZE0004] DeprecationWarning: A boolean value was passed to options.operatorsAliases. This is a no-op with v5 and should be removed.
(Use `node --trace-deprecation ...` to show where the warning was created)
(node:8836) [SEQUELIZE0004] DeprecationWarning: A boolean value was passed to options.operatorsAliases. This is a no-op with v5 and should be removed.
(Use `node --trace-deprecation ...` to show where the warning was created)
(node:6512) [SEQUELIZE0004] DeprecationWarning: A boolean value was passed to options.operatorsAliases. This is a no-op with v5 and should be removed.
(Use `node --trace-deprecation ...` to show where the warning was created)
PincodeError:: Error: socket hang up
    at connResetException (node:internal/errors:717:14)
    at Socket.socketOnEnd (node:_http_client:520:23)
    at Socket.emit (node:events:524:35)
    at endReadableNT (node:internal/streams/readable:1359:12)
    at process.processTicksAndRejections (node:internal/process/task_queues:82:21) {
  code: 'ECONNRESET',
  config: {
    url: 'http://api.geonames.org/postalCodeLookupJSON?postalcode=87899&country=IN&username=karthiga&style=full',
    method: 'get',
    headers: {
      Accept: 'application/json, text/plain, */*',
      'User-Agent': 'axios/0.21.4'
    },
    transformRequest: [ [Function: transformRequest] ],
    transformResponse: [ [Function: transformResponse] ],
    timeout: 0,
    adapter: [Function: httpAdapter],
    xsrfCookieName: 'XSRF-TOKEN',
    xsrfHeaderName: 'X-XSRF-TOKEN',
    maxContentLength: -1,
    maxBodyLength: -1,
    validateStatus: [Function: validateStatus],
    transitional: {
      silentJSONParsing: true,
      forcedJSONParsing: true,
      clarifyTimeoutError: false
    },
    data: undefined
  },
  request: <ref *1> Writable {
    _writableState: WritableState {
      objectMode: false,
      highWaterMark: 16384,
      finalCalled: false,
      needDrain: false,
      ending: false,
      ended: false,
      finished: false,
      destroyed: false,
      decodeStrings: true,
      defaultEncoding: 'utf8',
      length: 0,
      writing: false,
      corked: 0,
      sync: true,
      bufferProcessing: false,
      onwrite: [Function: bound onwrite],
      writecb: null,
      writelen: 0,
      afterWriteTickInfo: null,
      buffered: [],
      bufferedIndex: 0,
      allBuffers: true,
      allNoop: true,
      pendingcb: 0,
      constructed: true,
      prefinished: false,
      errorEmitted: false,
      emitClose: true,
      autoDestroy: true,
      errored: null,
      closed: false,
      closeEmitted: false,
      [Symbol(kOnFinished)]: []
    },
    _events: [Object: null prototype] {
      response: [Function: handleResponse],
      error: [Function: handleRequestError]
    },
    _eventsCount: 2,
    _maxListeners: undefined,
    _options: {
      maxRedirects: 21,
      maxBodyLength: 10485760,
      protocol: 'http:',
      path: '/postalCodeLookupJSON?postalcode=87899&country=IN&username=karthiga&style=full',
      method: 'GET',
      headers: [Object],
      agent: undefined,
      agents: [Object],
      auth: undefined,
      hostname: 'api.geonames.org',
      port: null,
      nativeProtocols: [Object],
      pathname: '/postalCodeLookupJSON',
      search: '?postalcode=87899&country=IN&username=karthiga&style=full'
    },
    _ended: true,
    _ending: true,
    _redirectCount: 0,
    _redirects: [],
    _requestBodyLength: 0,
    _requestBodyBuffers: [],
    _onNativeResponse: [Function (anonymous)],
    _currentRequest: ClientRequest {
      _events: [Object: null prototype],
      _eventsCount: 7,
      _maxListeners: undefined,
      outputData: [],
      outputSize: 0,
      writable: true,
      destroyed: false,
      _last: true,
      chunkedEncoding: false,
      shouldKeepAlive: true,
      maxRequestsOnConnectionReached: false,
      _defaultKeepAlive: true,
      useChunkedEncodingByDefault: false,
      sendDate: false,
      _removedConnection: false,
      _removedContLen: false,
      _removedTE: false,
      strictContentLength: false,
      _contentLength: 0,
      _hasBody: true,
      _trailer: '',
      finished: true,
      _headerSent: true,
      _closed: false,
      socket: [Socket],
      _header: 'GET /postalCodeLookupJSON?postalcode=87899&country=IN&username=karthiga&style=full HTTP/1.1\r\n' +
        'Accept: application/json, text/plain, */*\r\n' +
        'User-Agent: axios/0.21.4\r\n' +
        'Host: api.geonames.org\r\n' +
        'Connection: keep-alive\r\n' +
        '\r\n',
      _keepAliveTimeout: 0,
      _onPendingData: [Function: nop],
      agent: [Agent],
      socketPath: undefined,
      method: 'GET',
      maxHeaderSize: undefined,
      insecureHTTPParser: undefined,
      joinDuplicateHeaders: undefined,
      path: '/postalCodeLookupJSON?postalcode=87899&country=IN&username=karthiga&style=full',
      _ended: false,
      res: null,
      aborted: false,
      timeoutCb: [Function: emitRequestTimeout],
      upgradeOrConnect: false,
      parser: null,
      maxHeadersCount: null,
      reusedSocket: true,
      host: 'api.geonames.org',
      protocol: 'http:',
      _redirectable: [Circular *1],
      [Symbol(kCapture)]: false,
      [Symbol(kBytesWritten)]: 0,
      [Symbol(kEndCalled)]: true,
      [Symbol(kNeedDrain)]: false,
      [Symbol(corked)]: 0,
      [Symbol(kOutHeaders)]: [Object: null prototype],
      [Symbol(errored)]: null,
      [Symbol(kUniqueHeaders)]: null
    },
    _currentUrl: 'http://api.geonames.org/postalCodeLookupJSON?postalcode=87899&country=IN&username=karthiga&style=full',
    [Symbol(kCapture)]: false
  },
  response: undefined,
  isAxiosError: true,
  toJSON: [Function: toJSON]
}
(node:21088) [SEQUELIZE0004] DeprecationWarning: A boolean value was passed to options.operatorsAliases. This is a no-op with v5 and should be removed.
(Use `node --trace-deprecation ...` to show where the warning was created)
Deprecation warning: value provided is not in a recognized RFC2822 or ISO format. moment construction falls back to js Date(), which is not reliable across all browsers and versions. Non RFC2822/ISO date formats are discouraged. Please refer to http://momentjs.com/guides/#/warnings/js-date/ for more info.
Arguments: 
[0] _isAMomentObject: true, _isUTC: false, _useUTC: false, _l: undefined, _i: Fri Aug 25 2023 10:44:14 GMT+0530 (India Standard Time), _f: undefined, _strict: undefined, _locale: [object Object]
Error
    at Function.createFromInputFallback (C:\Users\Vendor\Documents\demoVersion 3\Hitachi_Vendor_Portal_BE\node_modules\moment\moment.js:324:25)
    at configFromString (C:\Users\Vendor\Documents\demoVersion 3\Hitachi_Vendor_Portal_BE\node_modules\moment\moment.js:2550:19)
    at configFromInput (C:\Users\Vendor\Documents\demoVersion 3\Hitachi_Vendor_Portal_BE\node_modules\moment\moment.js:2993:13)
    at prepareConfig (C:\Users\Vendor\Documents\demoVersion 3\Hitachi_Vendor_Portal_BE\node_modules\moment\moment.js:2976:13)
    at createFromConfig (C:\Users\Vendor\Documents\demoVersion 3\Hitachi_Vendor_Portal_BE\node_modules\moment\moment.js:2943:44)
    at createLocalOrUTC (C:\Users\Vendor\Documents\demoVersion 3\Hitachi_Vendor_Portal_BE\node_modules\moment\moment.js:3037:16)
    at createLocal (C:\Users\Vendor\Documents\demoVersion 3\Hitachi_Vendor_Portal_BE\node_modules\moment\moment.js:3041:16)
    at hooks (C:\Users\Vendor\Documents\demoVersion 3\Hitachi_Vendor_Portal_BE\node_modules\moment\moment.js:16:29)
    at model._sanitize (C:\Users\Vendor\Documents\demoVersion 3\Hitachi_Vendor_Portal_BE\node_modules\sequelize\lib\data-types.js:356:14)
    at model.set (C:\Users\Vendor\Documents\demoVersion 3\Hitachi_Vendor_Portal_BE\node_modules\sequelize\lib\model.js:2286:59)
    at model.set (C:\Users\Vendor\Documents\demoVersion 3\Hitachi_Vendor_Portal_BE\node_modules\sequelize\lib\model.js:2241:18)
    at model._initValues (C:\Users\Vendor\Documents\demoVersion 3\Hitachi_Vendor_Portal_BE\node_modules\sequelize\lib\model.js:156:10)
    at new Model (C:\Users\Vendor\Documents\demoVersion 3\Hitachi_Vendor_Portal_BE\node_modules\sequelize\lib\model.js:116:10)
    at new approval (C:\Users\Vendor\Documents\demoVersion 3\Hitachi_Vendor_Portal_BE\node_modules\sequelize\lib\sequelize.js:223:19)
    at approval.build (C:\Users\Vendor\Documents\demoVersion 3\Hitachi_Vendor_Portal_BE\node_modules\sequelize\lib\model.js:1344:12)
    at approval.update (C:\Users\Vendor\Documents\demoVersion 3\Hitachi_Vendor_Portal_BE\node_modules\sequelize\lib\model.js:1926:26)
    at NewData (C:\Users\Vendor\Documents\demoVersion 3\Hitachi_Vendor_Portal_BE\controller\approval.controller.js:654:28)
    at process.processTicksAndRejections (node:internal/process/task_queues:95:5)
(node:22404) [SEQUELIZE0004] DeprecationWarning: A boolean value was passed to options.operatorsAliases. This is a no-op with v5 and should be removed.
(Use `node --trace-deprecation ...` to show where the warning was created)
Deprecation warning: value provided is not in a recognized RFC2822 or ISO format. moment construction falls back to js Date(), which is not reliable across all browsers and versions. Non RFC2822/ISO date formats are discouraged. Please refer to http://momentjs.com/guides/#/warnings/js-date/ for more info.
Arguments: 
[0] _isAMomentObject: true, _isUTC: false, _useUTC: false, _l: undefined, _i: Fri Aug 25 2023 15:08:18 GMT+0530 (India Standard Time), _f: undefined, _strict: undefined, _locale: [object Object]
Error
    at Function.createFromInputFallback (C:\Users\Vendor\Documents\demoVersion 3\Hitachi_Vendor_Portal_BE\node_modules\moment\moment.js:324:25)
    at configFromString (C:\Users\Vendor\Documents\demoVersion 3\Hitachi_Vendor_Portal_BE\node_modules\moment\moment.js:2550:19)
    at configFromInput (C:\Users\Vendor\Documents\demoVersion 3\Hitachi_Vendor_Portal_BE\node_modules\moment\moment.js:2993:13)
    at prepareConfig (C:\Users\Vendor\Documents\demoVersion 3\Hitachi_Vendor_Portal_BE\node_modules\moment\moment.js:2976:13)
    at createFromConfig (C:\Users\Vendor\Documents\demoVersion 3\Hitachi_Vendor_Portal_BE\node_modules\moment\moment.js:2943:44)
    at createLocalOrUTC (C:\Users\Vendor\Documents\demoVersion 3\Hitachi_Vendor_Portal_BE\node_modules\moment\moment.js:3037:16)
    at createLocal (C:\Users\Vendor\Documents\demoVersion 3\Hitachi_Vendor_Portal_BE\node_modules\moment\moment.js:3041:16)
    at hooks (C:\Users\Vendor\Documents\demoVersion 3\Hitachi_Vendor_Portal_BE\node_modules\moment\moment.js:16:29)
    at model._sanitize (C:\Users\Vendor\Documents\demoVersion 3\Hitachi_Vendor_Portal_BE\node_modules\sequelize\lib\data-types.js:356:14)
    at model.set (C:\Users\Vendor\Documents\demoVersion 3\Hitachi_Vendor_Portal_BE\node_modules\sequelize\lib\model.js:2286:59)
    at model.set (C:\Users\Vendor\Documents\demoVersion 3\Hitachi_Vendor_Portal_BE\node_modules\sequelize\lib\model.js:2241:18)
    at model._initValues (C:\Users\Vendor\Documents\demoVersion 3\Hitachi_Vendor_Portal_BE\node_modules\sequelize\lib\model.js:156:10)
    at new Model (C:\Users\Vendor\Documents\demoVersion 3\Hitachi_Vendor_Portal_BE\node_modules\sequelize\lib\model.js:116:10)
    at new approval (C:\Users\Vendor\Documents\demoVersion 3\Hitachi_Vendor_Portal_BE\node_modules\sequelize\lib\sequelize.js:223:19)
    at approval.build (C:\Users\Vendor\Documents\demoVersion 3\Hitachi_Vendor_Portal_BE\node_modules\sequelize\lib\model.js:1344:12)
    at approval.update (C:\Users\Vendor\Documents\demoVersion 3\Hitachi_Vendor_Portal_BE\node_modules\sequelize\lib\model.js:1926:26)
    at NewData (C:\Users\Vendor\Documents\demoVersion 3\Hitachi_Vendor_Portal_BE\controller\approval.controller.js:658:28)
    at process.processTicksAndRejections (node:internal/process/task_queues:95:5)
(node:14948) [SEQUELIZE0004] DeprecationWarning: A boolean value was passed to options.operatorsAliases. This is a no-op with v5 and should be removed.
(Use `node --trace-deprecation ...` to show where the warning was created)
(node:13996) [SEQUELIZE0004] DeprecationWarning: A boolean value was passed to options.operatorsAliases. This is a no-op with v5 and should be removed.
(Use `node --trace-deprecation ...` to show where the warning was created)
(node:19564) [SEQUELIZE0004] DeprecationWarning: A boolean value was passed to options.operatorsAliases. This is a no-op with v5 and should be removed.
(Use `node --trace-deprecation ...` to show where the warning was created)
